{"name": "test_close_order_card[chrome]", "status": "broken", "statusDetails": {"message": "selenium.common.exceptions.TimeoutException: Message: \nStacktrace:\n0   chromedriver                        0x00000001049c76ac cxxbridge1$str$ptr + 3645404\n1   chromedriver                        0x00000001049bff0c cxxbridge1$str$ptr + 3614780\n2   chromedriver                        0x000000010442c104 cxxbridge1$string$len + 88416\n3   chromedriver                        0x000000010446e364 cxxbridge1$string$len + 359360\n4   chromedriver                        0x00000001044a7bd0 cxxbridge1$string$len + 594988\n5   chromedriver                        0x0000000104462f54 cxxbridge1$string$len + 313264\n6   chromedriver                        0x0000000104463ba4 cxxbridge1$string$len + 316416\n7   chromedriver                        0x000000010499224c cxxbridge1$str$ptr + 3427196\n8   chromedriver                        0x0000000104995590 cxxbridge1$str$ptr + 3440320\n9   chromedriver                        0x0000000104979670 cxxbridge1$str$ptr + 3325856\n10  chromedriver                        0x0000000104995e54 cxxbridge1$str$ptr + 3442564\n11  chromedriver                        0x000000010496a8f4 cxxbridge1$str$ptr + 3265060\n12  chromedriver                        0x00000001049b08fc cxxbridge1$str$ptr + 3551788\n13  chromedriver                        0x00000001049b0a78 cxxbridge1$str$ptr + 3552168\n14  chromedriver                        0x00000001049bfba4 cxxbridge1$str$ptr + 3613908\n15  libsystem_pthread.dylib             0x00000001944532e4 _pthread_start + 136\n16  libsystem_pthread.dylib             0x000000019444e0fc thread_start + 8", "trace": "self = <tests.test_order_feed.TestOrderFeed object at 0x1027d0700>, driver_setup = <selenium.webdriver.chrome.webdriver.WebDriver (session=\"0a40b044255ab17019000b46801b2d7f\")>\nsetup_home_page = <selenium.webdriver.chrome.webdriver.WebDriver (session=\"0a40b044255ab17019000b46801b2d7f\")>\n\n    @pytest.mark.parametrize(\"driver_setup\", [\"chrome\", \"firefox\"], indirect=True)\n    def test_close_order_card(self, driver_setup, setup_home_page):\n        driver = setup_home_page\n        close_card = FeedPage(driver)\n>       assert close_card.close_order_card()\n\ntests/test_order_feed.py:17: \n_ _ _ _ _ _ _ _ _ _ _ _ _ _ _ _ _ _ _ _ _ _ _ _ _ _ _ _ _ _ _ _ _ _ _ _ _ _ _ _ _ _ _ _ _ _ _ _ _ _ _ _ _ _ _ _ _ _ _ _ _ _ _ _ _ _ _ _ _ _ _ _ _ _ _ _ _ _ _ _ _ _ _ _ _ _ _ _ _ _ _ _ _ _ _ _ _ _ _ _ _ _ _ _ _ _ _ _ _ _ _ _ \npages/feed_page.py:68: in close_order_card\n    self.click_on_order_card()\npages/feed_page.py:56: in click_on_order_card\n    self.click_element(self.FeedLocators.ORDER_CARDS)\npages/main_page.py:54: in click_element\n    self.find_element(locator, timeout).click()\npages/main_page.py:51: in find_element\n    return WebDriverWait(self.driver, timeout).until(EC.visibility_of_element_located(locator))\n_ _ _ _ _ _ _ _ _ _ _ _ _ _ _ _ _ _ _ _ _ _ _ _ _ _ _ _ _ _ _ _ _ _ _ _ _ _ _ _ _ _ _ _ _ _ _ _ _ _ _ _ _ _ _ _ _ _ _ _ _ _ _ _ _ _ _ _ _ _ _ _ _ _ _ _ _ _ _ _ _ _ _ _ _ _ _ _ _ _ _ _ _ _ _ _ _ _ _ _ _ _ _ _ _ _ _ _ _ _ _ _ \n\nself = <selenium.webdriver.support.wait.WebDriverWait (session=\"0a40b044255ab17019000b46801b2d7f\")>, method = <function visibility_of_element_located.<locals>._predicate at 0x1028cc790>, message = ''\n\n    def until(self, method: Callable[[D], Union[Literal[False], T]], message: str = \"\") -> T:\n        \"\"\"Calls the method provided with the driver as an argument until the \\\n        return value does not evaluate to ``False``.\n    \n        :param method: callable(WebDriver)\n        :param message: optional message for :exc:`TimeoutException`\n        :returns: the result of the last call to `method`\n        :raises: :exc:`selenium.common.exceptions.TimeoutException` if timeout occurs\n        \"\"\"\n        screen = None\n        stacktrace = None\n    \n        end_time = time.monotonic() + self._timeout\n        while True:\n            try:\n                value = method(self._driver)\n                if value:\n                    return value\n            except self._ignored_exceptions as exc:\n                screen = getattr(exc, \"screen\", None)\n                stacktrace = getattr(exc, \"stacktrace\", None)\n            if time.monotonic() > end_time:\n                break\n            time.sleep(self._poll)\n>       raise TimeoutException(message, screen, stacktrace)\nE       selenium.common.exceptions.TimeoutException: Message: \nE       Stacktrace:\nE       0   chromedriver                        0x00000001049c76ac cxxbridge1$str$ptr + 3645404\nE       1   chromedriver                        0x00000001049bff0c cxxbridge1$str$ptr + 3614780\nE       2   chromedriver                        0x000000010442c104 cxxbridge1$string$len + 88416\nE       3   chromedriver                        0x000000010446e364 cxxbridge1$string$len + 359360\nE       4   chromedriver                        0x00000001044a7bd0 cxxbridge1$string$len + 594988\nE       5   chromedriver                        0x0000000104462f54 cxxbridge1$string$len + 313264\nE       6   chromedriver                        0x0000000104463ba4 cxxbridge1$string$len + 316416\nE       7   chromedriver                        0x000000010499224c cxxbridge1$str$ptr + 3427196\nE       8   chromedriver                        0x0000000104995590 cxxbridge1$str$ptr + 3440320\nE       9   chromedriver                        0x0000000104979670 cxxbridge1$str$ptr + 3325856\nE       10  chromedriver                        0x0000000104995e54 cxxbridge1$str$ptr + 3442564\nE       11  chromedriver                        0x000000010496a8f4 cxxbridge1$str$ptr + 3265060\nE       12  chromedriver                        0x00000001049b08fc cxxbridge1$str$ptr + 3551788\nE       13  chromedriver                        0x00000001049b0a78 cxxbridge1$str$ptr + 3552168\nE       14  chromedriver                        0x00000001049bfba4 cxxbridge1$str$ptr + 3613908\nE       15  libsystem_pthread.dylib             0x00000001944532e4 _pthread_start + 136\nE       16  libsystem_pthread.dylib             0x000000019444e0fc thread_start + 8\n\n.venv/lib/python3.9/site-packages/selenium/webdriver/support/wait.py:105: TimeoutException"}, "steps": [{"name": "Процедура открытия заказа", "status": "broken", "statusDetails": {"message": "selenium.common.exceptions.TimeoutException: Message: \nStacktrace:\n0   chromedriver                        0x00000001049c76ac cxxbridge1$str$ptr + 3645404\n1   chromedriver                        0x00000001049bff0c cxxbridge1$str$ptr + 3614780\n2   chromedriver                        0x000000010442c104 cxxbridge1$string$len + 88416\n3   chromedriver                        0x000000010446e364 cxxbridge1$string$len + 359360\n4   chromedriver                        0x00000001044a7bd0 cxxbridge1$string$len + 594988\n5   chromedriver                        0x0000000104462f54 cxxbridge1$string$len + 313264\n6   chromedriver                        0x0000000104463ba4 cxxbridge1$string$len + 316416\n7   chromedriver                        0x000000010499224c cxxbridge1$str$ptr + 3427196\n8   chromedriver                        0x0000000104995590 cxxbridge1$str$ptr + 3440320\n9   chromedriver                        0x0000000104979670 cxxbridge1$str$ptr + 3325856\n10  chromedriver                        0x0000000104995e54 cxxbridge1$str$ptr + 3442564\n11  chromedriver                        0x000000010496a8f4 cxxbridge1$str$ptr + 3265060\n12  chromedriver                        0x00000001049b08fc cxxbridge1$str$ptr + 3551788\n13  chromedriver                        0x00000001049b0a78 cxxbridge1$str$ptr + 3552168\n14  chromedriver                        0x00000001049bfba4 cxxbridge1$str$ptr + 3613908\n15  libsystem_pthread.dylib             0x00000001944532e4 _pthread_start + 136\n16  libsystem_pthread.dylib             0x000000019444e0fc thread_start + 8\n\n", "trace": "  File \"/Users/milanradonich/PycharmProjects/Diplom/diplom_3/pages/feed_page.py\", line 68, in close_order_card\n    self.click_on_order_card()\n  File \"/Users/milanradonich/PycharmProjects/Diplom/diplom_3/pages/feed_page.py\", line 56, in click_on_order_card\n    self.click_element(self.FeedLocators.ORDER_CARDS)\n  File \"/Users/milanradonich/PycharmProjects/Diplom/diplom_3/pages/main_page.py\", line 54, in click_element\n    self.find_element(locator, timeout).click()\n  File \"/Users/milanradonich/PycharmProjects/Diplom/diplom_3/pages/main_page.py\", line 51, in find_element\n    return WebDriverWait(self.driver, timeout).until(EC.visibility_of_element_located(locator))\n  File \"/Users/milanradonich/PycharmProjects/Diplom/diplom_3/.venv/lib/python3.9/site-packages/selenium/webdriver/support/wait.py\", line 105, in until\n    raise TimeoutException(message, screen, stacktrace)\n"}, "steps": [{"name": "Клик по кнопке «Лента заказов»", "status": "passed", "steps": [{"name": "Клик по кнопке Лента заказов", "status": "passed", "start": 1730893753097, "stop": 1730893754543}], "start": 1730893753097, "stop": 1730893754544}, {"name": "Клик по заказу", "status": "broken", "statusDetails": {"message": "selenium.common.exceptions.TimeoutException: Message: \nStacktrace:\n0   chromedriver                        0x00000001049c76ac cxxbridge1$str$ptr + 3645404\n1   chromedriver                        0x00000001049bff0c cxxbridge1$str$ptr + 3614780\n2   chromedriver                        0x000000010442c104 cxxbridge1$string$len + 88416\n3   chromedriver                        0x000000010446e364 cxxbridge1$string$len + 359360\n4   chromedriver                        0x00000001044a7bd0 cxxbridge1$string$len + 594988\n5   chromedriver                        0x0000000104462f54 cxxbridge1$string$len + 313264\n6   chromedriver                        0x0000000104463ba4 cxxbridge1$string$len + 316416\n7   chromedriver                        0x000000010499224c cxxbridge1$str$ptr + 3427196\n8   chromedriver                        0x0000000104995590 cxxbridge1$str$ptr + 3440320\n9   chromedriver                        0x0000000104979670 cxxbridge1$str$ptr + 3325856\n10  chromedriver                        0x0000000104995e54 cxxbridge1$str$ptr + 3442564\n11  chromedriver                        0x000000010496a8f4 cxxbridge1$str$ptr + 3265060\n12  chromedriver                        0x00000001049b08fc cxxbridge1$str$ptr + 3551788\n13  chromedriver                        0x00000001049b0a78 cxxbridge1$str$ptr + 3552168\n14  chromedriver                        0x00000001049bfba4 cxxbridge1$str$ptr + 3613908\n15  libsystem_pthread.dylib             0x00000001944532e4 _pthread_start + 136\n16  libsystem_pthread.dylib             0x000000019444e0fc thread_start + 8\n\n", "trace": "  File \"/Users/milanradonich/PycharmProjects/Diplom/diplom_3/pages/feed_page.py\", line 56, in click_on_order_card\n    self.click_element(self.FeedLocators.ORDER_CARDS)\n  File \"/Users/milanradonich/PycharmProjects/Diplom/diplom_3/pages/main_page.py\", line 54, in click_element\n    self.find_element(locator, timeout).click()\n  File \"/Users/milanradonich/PycharmProjects/Diplom/diplom_3/pages/main_page.py\", line 51, in find_element\n    return WebDriverWait(self.driver, timeout).until(EC.visibility_of_element_located(locator))\n  File \"/Users/milanradonich/PycharmProjects/Diplom/diplom_3/.venv/lib/python3.9/site-packages/selenium/webdriver/support/wait.py\", line 105, in until\n    raise TimeoutException(message, screen, stacktrace)\n"}, "start": 1730893754544, "stop": 1730893764823}], "start": 1730893753097, "stop": 1730893764823}], "parameters": [{"name": "driver_setup", "value": "'chrome'"}], "start": 1730893753096, "stop": 1730893764824, "uuid": "5de19c3c-e4dc-42ec-a96a-c291c7d02282", "historyId": "6a1389f1eaaf1455872c12537f5c39e8", "testCaseId": "8b38e7a8d8b6d94ec631f46ae59a6107", "fullName": "tests.test_order_feed.TestOrderFeed#test_close_order_card", "labels": [{"name": "parentSuite", "value": "tests"}, {"name": "suite", "value": "test_order_feed"}, {"name": "subSuite", "value": "TestOrderFeed"}, {"name": "host", "value": "MacBook-Air-Milan.local"}, {"name": "thread", "value": "83662-MainThread"}, {"name": "framework", "value": "pytest"}, {"name": "language", "value": "cpython3"}, {"name": "package", "value": "tests.test_order_feed"}]}