{"name": "test_check_order_in_processing[firefox]", "status": "broken", "statusDetails": {"message": "selenium.common.exceptions.TimeoutException: Message:", "trace": "self = <tests.test_order_feed.TestOrderFeed object at 0x1027db4f0>, driver_setup = <selenium.webdriver.firefox.webdriver.WebDriver (session=\"089368f6-539b-42d2-9616-ebfbe390d1a8\")>\nsetup_home_page = <selenium.webdriver.firefox.webdriver.WebDriver (session=\"089368f6-539b-42d2-9616-ebfbe390d1a8\")>\n\n    @pytest.mark.parametrize(\"driver_setup\", [\"chrome\", \"firefox\"], indirect=True)\n    def test_check_order_in_processing(self, driver_setup, setup_home_page):\n        driver = setup_home_page\n        id_order = FeedPage(driver)\n>       assert id_order.check_order_in_processing()\n\ntests/test_order_feed.py:41: \n_ _ _ _ _ _ _ _ _ _ _ _ _ _ _ _ _ _ _ _ _ _ _ _ _ _ _ _ _ _ _ _ _ _ _ _ _ _ _ _ _ _ _ _ _ _ _ _ _ _ _ _ _ _ _ _ _ _ _ _ _ _ _ _ _ _ _ _ _ _ _ _ _ _ _ _ _ _ _ _ _ _ _ _ _ _ _ _ _ _ _ _ _ _ _ _ _ _ _ _ _ _ _ _ _ _ _ _ _ _ _ _ \npages/feed_page.py:141: in check_order_in_processing\n    self.login_page.create_order_auth_user()\npages/login_page.py:55: in create_order_auth_user\n    self.ingredient_counter_increases()\npages/main_page.py:98: in ingredient_counter_increases\n    WebDriverWait(self.driver, 10).until(\n_ _ _ _ _ _ _ _ _ _ _ _ _ _ _ _ _ _ _ _ _ _ _ _ _ _ _ _ _ _ _ _ _ _ _ _ _ _ _ _ _ _ _ _ _ _ _ _ _ _ _ _ _ _ _ _ _ _ _ _ _ _ _ _ _ _ _ _ _ _ _ _ _ _ _ _ _ _ _ _ _ _ _ _ _ _ _ _ _ _ _ _ _ _ _ _ _ _ _ _ _ _ _ _ _ _ _ _ _ _ _ _ \n\nself = <selenium.webdriver.support.wait.WebDriverWait (session=\"089368f6-539b-42d2-9616-ebfbe390d1a8\")>, method = <function MainPage.ingredient_counter_increases.<locals>.<lambda> at 0x102925d30>, message = ''\n\n    def until(self, method: Callable[[D], Union[Literal[False], T]], message: str = \"\") -> T:\n        \"\"\"Calls the method provided with the driver as an argument until the \\\n        return value does not evaluate to ``False``.\n    \n        :param method: callable(WebDriver)\n        :param message: optional message for :exc:`TimeoutException`\n        :returns: the result of the last call to `method`\n        :raises: :exc:`selenium.common.exceptions.TimeoutException` if timeout occurs\n        \"\"\"\n        screen = None\n        stacktrace = None\n    \n        end_time = time.monotonic() + self._timeout\n        while True:\n            try:\n                value = method(self._driver)\n                if value:\n                    return value\n            except self._ignored_exceptions as exc:\n                screen = getattr(exc, \"screen\", None)\n                stacktrace = getattr(exc, \"stacktrace\", None)\n            if time.monotonic() > end_time:\n                break\n            time.sleep(self._poll)\n>       raise TimeoutException(message, screen, stacktrace)\nE       selenium.common.exceptions.TimeoutException: Message:\n\n.venv/lib/python3.9/site-packages/selenium/webdriver/support/wait.py:105: TimeoutException"}, "steps": [{"name": "Процедура создания заказа авторизованным юзером", "status": "broken", "statusDetails": {"message": "selenium.common.exceptions.TimeoutException: Message: \n\n", "trace": "  File \"/Users/milanradonich/PycharmProjects/Diplom/diplom_3/pages/feed_page.py\", line 141, in check_order_in_processing\n    self.login_page.create_order_auth_user()\n  File \"/Users/milanradonich/PycharmProjects/Diplom/diplom_3/pages/login_page.py\", line 55, in create_order_auth_user\n    self.ingredient_counter_increases()\n  File \"/Users/milanradonich/PycharmProjects/Diplom/diplom_3/pages/main_page.py\", line 98, in ingredient_counter_increases\n    WebDriverWait(self.driver, 10).until(\n  File \"/Users/milanradonich/PycharmProjects/Diplom/diplom_3/.venv/lib/python3.9/site-packages/selenium/webdriver/support/wait.py\", line 105, in until\n    raise TimeoutException(message, screen, stacktrace)\n"}, "steps": [{"name": "Процедура входа в систему", "status": "passed", "steps": [{"name": "Клик по кнопке личный кабинет", "status": "passed", "start": 1730893818378, "stop": 1730893818619}, {"name": "Ввод email", "status": "passed", "start": 1730893818620, "stop": 1730893818657}, {"name": "Ввод пароля", "status": "passed", "start": 1730893818658, "stop": 1730893818668}, {"name": "Клик по кнопке войти", "status": "passed", "start": 1730893818668, "stop": 1730893818891}, {"name": "Получение локатора кнопки Оформить заказ", "status": "passed", "start": 1730893818891, "stop": 1730893819403}], "start": 1730893818378, "stop": 1730893819403}, {"name": "Добавление товара в корзину", "status": "broken", "statusDetails": {"message": "selenium.common.exceptions.TimeoutException: Message: \n\n", "trace": "  File \"/Users/milanradonich/PycharmProjects/Diplom/diplom_3/pages/login_page.py\", line 55, in create_order_auth_user\n    self.ingredient_counter_increases()\n  File \"/Users/milanradonich/PycharmProjects/Diplom/diplom_3/pages/main_page.py\", line 98, in ingredient_counter_increases\n    WebDriverWait(self.driver, 10).until(\n  File \"/Users/milanradonich/PycharmProjects/Diplom/diplom_3/.venv/lib/python3.9/site-packages/selenium/webdriver/support/wait.py\", line 105, in until\n    raise TimeoutException(message, screen, stacktrace)\n"}, "steps": [{"name": "Поиск ингредиента", "status": "passed", "start": 1730893819403, "stop": 1730893819414}, {"name": "Поиск корзины", "status": "passed", "start": 1730893819415, "stop": 1730893819420}, {"name": "Поиск счетчика ингредиента", "status": "passed", "start": 1730893819420, "stop": 1730893819424}, {"name": "Получение текущего значения счетчика ингредиента", "status": "passed", "start": 1730893819424, "stop": 1730893819430}, {"name": "Инициализация ActionChains", "status": "passed", "start": 1730893819430, "stop": 1730893819430}, {"name": "Перетаскивание элемента", "status": "passed", "start": 1730893819430, "stop": 1730893819971}, {"name": "Ожидание изменения значения счетчика", "status": "broken", "statusDetails": {"message": "selenium.common.exceptions.TimeoutException: Message: \n\n", "trace": "  File \"/Users/milanradonich/PycharmProjects/Diplom/diplom_3/pages/main_page.py\", line 98, in ingredient_counter_increases\n    WebDriverWait(self.driver, 10).until(\n  File \"/Users/milanradonich/PycharmProjects/Diplom/diplom_3/.venv/lib/python3.9/site-packages/selenium/webdriver/support/wait.py\", line 105, in until\n    raise TimeoutException(message, screen, stacktrace)\n"}, "start": 1730893819971, "stop": 1730893830480}], "start": 1730893819403, "stop": 1730893830481}], "start": 1730893818378, "stop": 1730893830481}], "parameters": [{"name": "driver_setup", "value": "'firefox'"}], "start": 1730893818378, "stop": 1730893830481, "uuid": "e6ad1158-9662-4a3d-9ddb-2ad278e82b9a", "historyId": "decdd2241c4f37f6175e465e1d2f41d6", "testCaseId": "6a5492c7f31ddde988331edacb32b04a", "fullName": "tests.test_order_feed.TestOrderFeed#test_check_order_in_processing", "labels": [{"name": "parentSuite", "value": "tests"}, {"name": "suite", "value": "test_order_feed"}, {"name": "subSuite", "value": "TestOrderFeed"}, {"name": "host", "value": "MacBook-Air-Milan.local"}, {"name": "thread", "value": "83662-MainThread"}, {"name": "framework", "value": "pytest"}, {"name": "language", "value": "cpython3"}, {"name": "package", "value": "tests.test_order_feed"}]}