{"name": "test_check_order_in_processing[firefox]", "status": "broken", "statusDetails": {"message": "selenium.common.exceptions.TimeoutException: Message:", "trace": "self = <tests.test_order_feed.TestOrderFeed object at 0x1044d1dc0>, setup_home_page = <selenium.webdriver.firefox.webdriver.WebDriver (session=\"8e846e08-3bd1-4ca2-8392-7d66cd990082\")>\n\n    def test_check_order_in_processing(self, setup_home_page):\n        driver = setup_home_page\n        id_order = FeedPage(driver)\n>       assert id_order.check_order_in_processing()\n\ntests/test_order_feed.py:35: \n_ _ _ _ _ _ _ _ _ _ _ _ _ _ _ _ _ _ _ _ _ _ _ _ _ _ _ _ _ _ _ _ _ _ _ _ _ _ _ _ _ _ _ _ _ _ _ _ _ _ _ _ _ _ _ _ _ _ _ _ _ _ _ _ _ _ _ _ _ _ _ _ _ _ _ _ _ _ _ _ _ _ _ _ _ _ _ _ _ _ _ _ _ _ _ _ _ _ _ _ _ _ _ _ _ _ _ _ _ _ _ _ \npages/feed_page.py:139: in check_order_in_processing\n    self.login_page.create_order_auth_user()\npages/login_page.py:55: in create_order_auth_user\n    self.ingredient_counter_increases()\npages/base_page.py:98: in ingredient_counter_increases\n    WebDriverWait(self.driver, 10).until(\n_ _ _ _ _ _ _ _ _ _ _ _ _ _ _ _ _ _ _ _ _ _ _ _ _ _ _ _ _ _ _ _ _ _ _ _ _ _ _ _ _ _ _ _ _ _ _ _ _ _ _ _ _ _ _ _ _ _ _ _ _ _ _ _ _ _ _ _ _ _ _ _ _ _ _ _ _ _ _ _ _ _ _ _ _ _ _ _ _ _ _ _ _ _ _ _ _ _ _ _ _ _ _ _ _ _ _ _ _ _ _ _ \n\nself = <selenium.webdriver.support.wait.WebDriverWait (session=\"8e846e08-3bd1-4ca2-8392-7d66cd990082\")>, method = <function BasePage.ingredient_counter_increases.<locals>.<lambda> at 0x1046614c0>, message = ''\n\n    def until(self, method: Callable[[D], Union[Literal[False], T]], message: str = \"\") -> T:\n        \"\"\"Calls the method provided with the driver as an argument until the \\\n        return value does not evaluate to ``False``.\n    \n        :param method: callable(WebDriver)\n        :param message: optional message for :exc:`TimeoutException`\n        :returns: the result of the last call to `method`\n        :raises: :exc:`selenium.common.exceptions.TimeoutException` if timeout occurs\n        \"\"\"\n        screen = None\n        stacktrace = None\n    \n        end_time = time.monotonic() + self._timeout\n        while True:\n            try:\n                value = method(self._driver)\n                if value:\n                    return value\n            except self._ignored_exceptions as exc:\n                screen = getattr(exc, \"screen\", None)\n                stacktrace = getattr(exc, \"stacktrace\", None)\n            if time.monotonic() > end_time:\n                break\n            time.sleep(self._poll)\n>       raise TimeoutException(message, screen, stacktrace)\nE       selenium.common.exceptions.TimeoutException: Message:\n\n.venv/lib/python3.9/site-packages/selenium/webdriver/support/wait.py:105: TimeoutException"}, "steps": [{"name": "Процедура создания заказа авторизованным юзером", "status": "broken", "statusDetails": {"message": "selenium.common.exceptions.TimeoutException: Message: \n\n", "trace": "  File \"/Users/milanradonich/PycharmProjects/Diplom/diplom_3/pages/feed_page.py\", line 139, in check_order_in_processing\n    self.login_page.create_order_auth_user()\n  File \"/Users/milanradonich/PycharmProjects/Diplom/diplom_3/pages/login_page.py\", line 55, in create_order_auth_user\n    self.ingredient_counter_increases()\n  File \"/Users/milanradonich/PycharmProjects/Diplom/diplom_3/pages/base_page.py\", line 98, in ingredient_counter_increases\n    WebDriverWait(self.driver, 10).until(\n  File \"/Users/milanradonich/PycharmProjects/Diplom/diplom_3/.venv/lib/python3.9/site-packages/selenium/webdriver/support/wait.py\", line 105, in until\n    raise TimeoutException(message, screen, stacktrace)\n"}, "steps": [{"name": "Процедура входа в систему", "status": "passed", "steps": [{"name": "Клик по кнопке личный кабинет", "status": "passed", "start": 1730900681496, "stop": 1730900681737}, {"name": "Ввод email", "status": "passed", "start": 1730900681737, "stop": 1730900681774}, {"name": "Ввод пароля", "status": "passed", "start": 1730900681774, "stop": 1730900681785}, {"name": "Клик по кнопке войти", "status": "passed", "start": 1730900681785, "stop": 1730900681999}, {"name": "Получение локатора кнопки Оформить заказ", "status": "passed", "start": 1730900681999, "stop": 1730900682514}], "start": 1730900681496, "stop": 1730900682514}, {"name": "Добавление товара в корзину", "status": "broken", "statusDetails": {"message": "selenium.common.exceptions.TimeoutException: Message: \n\n", "trace": "  File \"/Users/milanradonich/PycharmProjects/Diplom/diplom_3/pages/login_page.py\", line 55, in create_order_auth_user\n    self.ingredient_counter_increases()\n  File \"/Users/milanradonich/PycharmProjects/Diplom/diplom_3/pages/base_page.py\", line 98, in ingredient_counter_increases\n    WebDriverWait(self.driver, 10).until(\n  File \"/Users/milanradonich/PycharmProjects/Diplom/diplom_3/.venv/lib/python3.9/site-packages/selenium/webdriver/support/wait.py\", line 105, in until\n    raise TimeoutException(message, screen, stacktrace)\n"}, "steps": [{"name": "Поиск ингредиента", "status": "passed", "start": 1730900682514, "stop": 1730900682521}, {"name": "Поиск корзины", "status": "passed", "start": 1730900682521, "stop": 1730900682528}, {"name": "Поиск счетчика ингредиента", "status": "passed", "start": 1730900682528, "stop": 1730900682532}, {"name": "Получение текущего значения счетчика ингредиента", "status": "passed", "start": 1730900682532, "stop": 1730900682536}, {"name": "Инициализация ActionChains", "status": "passed", "start": 1730900682536, "stop": 1730900682536}, {"name": "Перетаскивание элемента", "status": "passed", "start": 1730900682536, "stop": 1730900683058}, {"name": "Ожидание изменения значения счетчика", "status": "broken", "statusDetails": {"message": "selenium.common.exceptions.TimeoutException: Message: \n\n", "trace": "  File \"/Users/milanradonich/PycharmProjects/Diplom/diplom_3/pages/base_page.py\", line 98, in ingredient_counter_increases\n    WebDriverWait(self.driver, 10).until(\n  File \"/Users/milanradonich/PycharmProjects/Diplom/diplom_3/.venv/lib/python3.9/site-packages/selenium/webdriver/support/wait.py\", line 105, in until\n    raise TimeoutException(message, screen, stacktrace)\n"}, "start": 1730900683058, "stop": 1730900693117}], "start": 1730900682514, "stop": 1730900693117}], "start": 1730900681496, "stop": 1730900693117}], "parameters": [{"name": "driver_setup", "value": "'firefox'"}], "start": 1730900681495, "stop": 1730900693118, "uuid": "e963ec8b-72f8-4f93-8a93-ba274fb6a051", "historyId": "decdd2241c4f37f6175e465e1d2f41d6", "testCaseId": "6a5492c7f31ddde988331edacb32b04a", "fullName": "tests.test_order_feed.TestOrderFeed#test_check_order_in_processing", "labels": [{"name": "parentSuite", "value": "tests"}, {"name": "suite", "value": "test_order_feed"}, {"name": "subSuite", "value": "TestOrderFeed"}, {"name": "host", "value": "MacBook-Air-Milan.local"}, {"name": "thread", "value": "87646-MainThread"}, {"name": "framework", "value": "pytest"}, {"name": "language", "value": "cpython3"}, {"name": "package", "value": "tests.test_order_feed"}]}