{"name": "test_click_on_order_card[chrome]", "status": "broken", "statusDetails": {"message": "selenium.common.exceptions.TimeoutException: Message: \nStacktrace:\n0   chromedriver                        0x000000010509b6ac cxxbridge1$str$ptr + 3645404\n1   chromedriver                        0x0000000105093f0c cxxbridge1$str$ptr + 3614780\n2   chromedriver                        0x0000000104b00104 cxxbridge1$string$len + 88416\n3   chromedriver                        0x0000000104b42364 cxxbridge1$string$len + 359360\n4   chromedriver                        0x0000000104b7bbd0 cxxbridge1$string$len + 594988\n5   chromedriver                        0x0000000104b36f54 cxxbridge1$string$len + 313264\n6   chromedriver                        0x0000000104b37ba4 cxxbridge1$string$len + 316416\n7   chromedriver                        0x000000010506624c cxxbridge1$str$ptr + 3427196\n8   chromedriver                        0x0000000105069590 cxxbridge1$str$ptr + 3440320\n9   chromedriver                        0x000000010504d670 cxxbridge1$str$ptr + 3325856\n10  chromedriver                        0x0000000105069e54 cxxbridge1$str$ptr + 3442564\n11  chromedriver                        0x000000010503e8f4 cxxbridge1$str$ptr + 3265060\n12  chromedriver                        0x00000001050848fc cxxbridge1$str$ptr + 3551788\n13  chromedriver                        0x0000000105084a78 cxxbridge1$str$ptr + 3552168\n14  chromedriver                        0x0000000105093ba4 cxxbridge1$str$ptr + 3613908\n15  libsystem_pthread.dylib             0x00000001944532e4 _pthread_start + 136\n16  libsystem_pthread.dylib             0x000000019444e0fc thread_start + 8", "trace": "self = <tests.test_order_feed.TestOrderFeed object at 0x1027d03d0>, driver_setup = <selenium.webdriver.chrome.webdriver.WebDriver (session=\"e6af56e902e09eccca71b43d2e4e0246\")>\nsetup_home_page = <selenium.webdriver.chrome.webdriver.WebDriver (session=\"e6af56e902e09eccca71b43d2e4e0246\")>\n\n    @pytest.mark.parametrize(\"driver_setup\", [\"chrome\", \"firefox\"], indirect=True)\n    def test_click_on_order_card(self, driver_setup, setup_home_page):\n        driver = setup_home_page\n        click_card = FeedPage(driver)\n>       assert click_card.click_on_order_card()\n\ntests/test_order_feed.py:11: \n_ _ _ _ _ _ _ _ _ _ _ _ _ _ _ _ _ _ _ _ _ _ _ _ _ _ _ _ _ _ _ _ _ _ _ _ _ _ _ _ _ _ _ _ _ _ _ _ _ _ _ _ _ _ _ _ _ _ _ _ _ _ _ _ _ _ _ _ _ _ _ _ _ _ _ _ _ _ _ _ _ _ _ _ _ _ _ _ _ _ _ _ _ _ _ _ _ _ _ _ _ _ _ _ _ _ _ _ _ _ _ _ \npages/feed_page.py:56: in click_on_order_card\n    self.click_element(self.FeedLocators.ORDER_CARDS)\npages/main_page.py:54: in click_element\n    self.find_element(locator, timeout).click()\npages/main_page.py:51: in find_element\n    return WebDriverWait(self.driver, timeout).until(EC.visibility_of_element_located(locator))\n_ _ _ _ _ _ _ _ _ _ _ _ _ _ _ _ _ _ _ _ _ _ _ _ _ _ _ _ _ _ _ _ _ _ _ _ _ _ _ _ _ _ _ _ _ _ _ _ _ _ _ _ _ _ _ _ _ _ _ _ _ _ _ _ _ _ _ _ _ _ _ _ _ _ _ _ _ _ _ _ _ _ _ _ _ _ _ _ _ _ _ _ _ _ _ _ _ _ _ _ _ _ _ _ _ _ _ _ _ _ _ _ \n\nself = <selenium.webdriver.support.wait.WebDriverWait (session=\"e6af56e902e09eccca71b43d2e4e0246\")>, method = <function visibility_of_element_located.<locals>._predicate at 0x1027b2e50>, message = ''\n\n    def until(self, method: Callable[[D], Union[Literal[False], T]], message: str = \"\") -> T:\n        \"\"\"Calls the method provided with the driver as an argument until the \\\n        return value does not evaluate to ``False``.\n    \n        :param method: callable(WebDriver)\n        :param message: optional message for :exc:`TimeoutException`\n        :returns: the result of the last call to `method`\n        :raises: :exc:`selenium.common.exceptions.TimeoutException` if timeout occurs\n        \"\"\"\n        screen = None\n        stacktrace = None\n    \n        end_time = time.monotonic() + self._timeout\n        while True:\n            try:\n                value = method(self._driver)\n                if value:\n                    return value\n            except self._ignored_exceptions as exc:\n                screen = getattr(exc, \"screen\", None)\n                stacktrace = getattr(exc, \"stacktrace\", None)\n            if time.monotonic() > end_time:\n                break\n            time.sleep(self._poll)\n>       raise TimeoutException(message, screen, stacktrace)\nE       selenium.common.exceptions.TimeoutException: Message: \nE       Stacktrace:\nE       0   chromedriver                        0x000000010509b6ac cxxbridge1$str$ptr + 3645404\nE       1   chromedriver                        0x0000000105093f0c cxxbridge1$str$ptr + 3614780\nE       2   chromedriver                        0x0000000104b00104 cxxbridge1$string$len + 88416\nE       3   chromedriver                        0x0000000104b42364 cxxbridge1$string$len + 359360\nE       4   chromedriver                        0x0000000104b7bbd0 cxxbridge1$string$len + 594988\nE       5   chromedriver                        0x0000000104b36f54 cxxbridge1$string$len + 313264\nE       6   chromedriver                        0x0000000104b37ba4 cxxbridge1$string$len + 316416\nE       7   chromedriver                        0x000000010506624c cxxbridge1$str$ptr + 3427196\nE       8   chromedriver                        0x0000000105069590 cxxbridge1$str$ptr + 3440320\nE       9   chromedriver                        0x000000010504d670 cxxbridge1$str$ptr + 3325856\nE       10  chromedriver                        0x0000000105069e54 cxxbridge1$str$ptr + 3442564\nE       11  chromedriver                        0x000000010503e8f4 cxxbridge1$str$ptr + 3265060\nE       12  chromedriver                        0x00000001050848fc cxxbridge1$str$ptr + 3551788\nE       13  chromedriver                        0x0000000105084a78 cxxbridge1$str$ptr + 3552168\nE       14  chromedriver                        0x0000000105093ba4 cxxbridge1$str$ptr + 3613908\nE       15  libsystem_pthread.dylib             0x00000001944532e4 _pthread_start + 136\nE       16  libsystem_pthread.dylib             0x000000019444e0fc thread_start + 8\n\n.venv/lib/python3.9/site-packages/selenium/webdriver/support/wait.py:105: TimeoutException"}, "steps": [{"name": "Клик по кнопке «Лента заказов»", "status": "passed", "steps": [{"name": "Клик по кнопке Лента заказов", "status": "passed", "start": 1730893726655, "stop": 1730893726691}], "start": 1730893726655, "stop": 1730893726693}, {"name": "Клик по заказу", "status": "broken", "statusDetails": {"message": "selenium.common.exceptions.TimeoutException: Message: \nStacktrace:\n0   chromedriver                        0x000000010509b6ac cxxbridge1$str$ptr + 3645404\n1   chromedriver                        0x0000000105093f0c cxxbridge1$str$ptr + 3614780\n2   chromedriver                        0x0000000104b00104 cxxbridge1$string$len + 88416\n3   chromedriver                        0x0000000104b42364 cxxbridge1$string$len + 359360\n4   chromedriver                        0x0000000104b7bbd0 cxxbridge1$string$len + 594988\n5   chromedriver                        0x0000000104b36f54 cxxbridge1$string$len + 313264\n6   chromedriver                        0x0000000104b37ba4 cxxbridge1$string$len + 316416\n7   chromedriver                        0x000000010506624c cxxbridge1$str$ptr + 3427196\n8   chromedriver                        0x0000000105069590 cxxbridge1$str$ptr + 3440320\n9   chromedriver                        0x000000010504d670 cxxbridge1$str$ptr + 3325856\n10  chromedriver                        0x0000000105069e54 cxxbridge1$str$ptr + 3442564\n11  chromedriver                        0x000000010503e8f4 cxxbridge1$str$ptr + 3265060\n12  chromedriver                        0x00000001050848fc cxxbridge1$str$ptr + 3551788\n13  chromedriver                        0x0000000105084a78 cxxbridge1$str$ptr + 3552168\n14  chromedriver                        0x0000000105093ba4 cxxbridge1$str$ptr + 3613908\n15  libsystem_pthread.dylib             0x00000001944532e4 _pthread_start + 136\n16  libsystem_pthread.dylib             0x000000019444e0fc thread_start + 8\n\n", "trace": "  File \"/Users/milanradonich/PycharmProjects/Diplom/diplom_3/pages/feed_page.py\", line 56, in click_on_order_card\n    self.click_element(self.FeedLocators.ORDER_CARDS)\n  File \"/Users/milanradonich/PycharmProjects/Diplom/diplom_3/pages/main_page.py\", line 54, in click_element\n    self.find_element(locator, timeout).click()\n  File \"/Users/milanradonich/PycharmProjects/Diplom/diplom_3/pages/main_page.py\", line 51, in find_element\n    return WebDriverWait(self.driver, timeout).until(EC.visibility_of_element_located(locator))\n  File \"/Users/milanradonich/PycharmProjects/Diplom/diplom_3/.venv/lib/python3.9/site-packages/selenium/webdriver/support/wait.py\", line 105, in until\n    raise TimeoutException(message, screen, stacktrace)\n"}, "start": 1730893726693, "stop": 1730893736987}], "parameters": [{"name": "driver_setup", "value": "'chrome'"}], "start": 1730893726655, "stop": 1730893736989, "uuid": "43ccac2c-faf6-4a1d-97bf-307ff0fdb986", "historyId": "36048a2c1c0b1d4376fb2a838bfd1f80", "testCaseId": "59df905f662a3a9212e1775369433ee6", "fullName": "tests.test_order_feed.TestOrderFeed#test_click_on_order_card", "labels": [{"name": "parentSuite", "value": "tests"}, {"name": "suite", "value": "test_order_feed"}, {"name": "subSuite", "value": "TestOrderFeed"}, {"name": "host", "value": "MacBook-Air-Milan.local"}, {"name": "thread", "value": "83662-MainThread"}, {"name": "framework", "value": "pytest"}, {"name": "language", "value": "cpython3"}, {"name": "package", "value": "tests.test_order_feed"}]}