{"name": "test_user_order_show_in_feed[firefox]", "status": "broken", "statusDetails": {"message": "selenium.common.exceptions.TimeoutException: Message:", "trace": "self = <tests.test_order_feed.TestOrderFeed object at 0x1044eaa60>, setup_home_page = <selenium.webdriver.firefox.webdriver.WebDriver (session=\"fd4c5c8d-bfc0-4aea-a1ea-7d7d5bc43066\")>\n\n    def test_user_order_show_in_feed(self, setup_home_page):\n        driver = setup_home_page\n        check_order = FeedPage(driver)\n>       assert check_order.user_order_show_in_feed()\n\ntests/test_order_feed.py:20: \n_ _ _ _ _ _ _ _ _ _ _ _ _ _ _ _ _ _ _ _ _ _ _ _ _ _ _ _ _ _ _ _ _ _ _ _ _ _ _ _ _ _ _ _ _ _ _ _ _ _ _ _ _ _ _ _ _ _ _ _ _ _ _ _ _ _ _ _ _ _ _ _ _ _ _ _ _ _ _ _ _ _ _ _ _ _ _ _ _ _ _ _ _ _ _ _ _ _ _ _ _ _ _ _ _ _ _ _ _ _ _ _ \npages/feed_page.py:81: in user_order_show_in_feed\n    self.login_page.create_order_auth_user()\npages/login_page.py:55: in create_order_auth_user\n    self.ingredient_counter_increases()\npages/base_page.py:98: in ingredient_counter_increases\n    WebDriverWait(self.driver, 10).until(\n_ _ _ _ _ _ _ _ _ _ _ _ _ _ _ _ _ _ _ _ _ _ _ _ _ _ _ _ _ _ _ _ _ _ _ _ _ _ _ _ _ _ _ _ _ _ _ _ _ _ _ _ _ _ _ _ _ _ _ _ _ _ _ _ _ _ _ _ _ _ _ _ _ _ _ _ _ _ _ _ _ _ _ _ _ _ _ _ _ _ _ _ _ _ _ _ _ _ _ _ _ _ _ _ _ _ _ _ _ _ _ _ \n\nself = <selenium.webdriver.support.wait.WebDriverWait (session=\"fd4c5c8d-bfc0-4aea-a1ea-7d7d5bc43066\")>, method = <function BasePage.ingredient_counter_increases.<locals>.<lambda> at 0x1046618b0>, message = ''\n\n    def until(self, method: Callable[[D], Union[Literal[False], T]], message: str = \"\") -> T:\n        \"\"\"Calls the method provided with the driver as an argument until the \\\n        return value does not evaluate to ``False``.\n    \n        :param method: callable(WebDriver)\n        :param message: optional message for :exc:`TimeoutException`\n        :returns: the result of the last call to `method`\n        :raises: :exc:`selenium.common.exceptions.TimeoutException` if timeout occurs\n        \"\"\"\n        screen = None\n        stacktrace = None\n    \n        end_time = time.monotonic() + self._timeout\n        while True:\n            try:\n                value = method(self._driver)\n                if value:\n                    return value\n            except self._ignored_exceptions as exc:\n                screen = getattr(exc, \"screen\", None)\n                stacktrace = getattr(exc, \"stacktrace\", None)\n            if time.monotonic() > end_time:\n                break\n            time.sleep(self._poll)\n>       raise TimeoutException(message, screen, stacktrace)\nE       selenium.common.exceptions.TimeoutException: Message:\n\n.venv/lib/python3.9/site-packages/selenium/webdriver/support/wait.py:105: TimeoutException"}, "steps": [{"name": "Процедура создания заказа авторизованным юзером", "status": "broken", "statusDetails": {"message": "selenium.common.exceptions.TimeoutException: Message: \n\n", "trace": "  File \"/Users/milanradonich/PycharmProjects/Diplom/diplom_3/pages/feed_page.py\", line 81, in user_order_show_in_feed\n    self.login_page.create_order_auth_user()\n  File \"/Users/milanradonich/PycharmProjects/Diplom/diplom_3/pages/login_page.py\", line 55, in create_order_auth_user\n    self.ingredient_counter_increases()\n  File \"/Users/milanradonich/PycharmProjects/Diplom/diplom_3/pages/base_page.py\", line 98, in ingredient_counter_increases\n    WebDriverWait(self.driver, 10).until(\n  File \"/Users/milanradonich/PycharmProjects/Diplom/diplom_3/.venv/lib/python3.9/site-packages/selenium/webdriver/support/wait.py\", line 105, in until\n    raise TimeoutException(message, screen, stacktrace)\n"}, "steps": [{"name": "Процедура входа в систему", "status": "passed", "steps": [{"name": "Клик по кнопке личный кабинет", "status": "passed", "start": 1730900634465, "stop": 1730900634706}, {"name": "Ввод email", "status": "passed", "start": 1730900634706, "stop": 1730900634742}, {"name": "Ввод пароля", "status": "passed", "start": 1730900634743, "stop": 1730900634752}, {"name": "Клик по кнопке войти", "status": "passed", "start": 1730900634752, "stop": 1730900634963}, {"name": "Получение локатора кнопки Оформить заказ", "status": "passed", "start": 1730900634963, "stop": 1730900635472}], "start": 1730900634465, "stop": 1730900635472}, {"name": "Добавление товара в корзину", "status": "broken", "statusDetails": {"message": "selenium.common.exceptions.TimeoutException: Message: \n\n", "trace": "  File \"/Users/milanradonich/PycharmProjects/Diplom/diplom_3/pages/login_page.py\", line 55, in create_order_auth_user\n    self.ingredient_counter_increases()\n  File \"/Users/milanradonich/PycharmProjects/Diplom/diplom_3/pages/base_page.py\", line 98, in ingredient_counter_increases\n    WebDriverWait(self.driver, 10).until(\n  File \"/Users/milanradonich/PycharmProjects/Diplom/diplom_3/.venv/lib/python3.9/site-packages/selenium/webdriver/support/wait.py\", line 105, in until\n    raise TimeoutException(message, screen, stacktrace)\n"}, "steps": [{"name": "Поиск ингредиента", "status": "passed", "start": 1730900635472, "stop": 1730900635478}, {"name": "Поиск корзины", "status": "passed", "start": 1730900635478, "stop": 1730900635482}, {"name": "Поиск счетчика ингредиента", "status": "passed", "start": 1730900635482, "stop": 1730900635487}, {"name": "Получение текущего значения счетчика ингредиента", "status": "passed", "start": 1730900635487, "stop": 1730900635491}, {"name": "Инициализация ActionChains", "status": "passed", "start": 1730900635491, "stop": 1730900635491}, {"name": "Перетаскивание элемента", "status": "passed", "start": 1730900635491, "stop": 1730900636030}, {"name": "Ожидание изменения значения счетчика", "status": "broken", "statusDetails": {"message": "selenium.common.exceptions.TimeoutException: Message: \n\n", "trace": "  File \"/Users/milanradonich/PycharmProjects/Diplom/diplom_3/pages/base_page.py\", line 98, in ingredient_counter_increases\n    WebDriverWait(self.driver, 10).until(\n  File \"/Users/milanradonich/PycharmProjects/Diplom/diplom_3/.venv/lib/python3.9/site-packages/selenium/webdriver/support/wait.py\", line 105, in until\n    raise TimeoutException(message, screen, stacktrace)\n"}, "start": 1730900636030, "stop": 1730900646045}], "start": 1730900635472, "stop": 1730900646045}], "start": 1730900634464, "stop": 1730900646045}], "parameters": [{"name": "driver_setup", "value": "'firefox'"}], "start": 1730900634464, "stop": 1730900646045, "uuid": "1b6f764f-3305-4e24-8c55-f57e3f0d43e6", "historyId": "92a9cd5b28829f3cbb4c471a717abe65", "testCaseId": "6448db457434dcef42f2488a17f6e90e", "fullName": "tests.test_order_feed.TestOrderFeed#test_user_order_show_in_feed", "labels": [{"name": "parentSuite", "value": "tests"}, {"name": "suite", "value": "test_order_feed"}, {"name": "subSuite", "value": "TestOrderFeed"}, {"name": "host", "value": "MacBook-Air-Milan.local"}, {"name": "thread", "value": "87646-MainThread"}, {"name": "framework", "value": "pytest"}, {"name": "language", "value": "cpython3"}, {"name": "package", "value": "tests.test_order_feed"}]}