{"name": "test_check_order_in_processing[chrome]", "status": "broken", "statusDetails": {"message": "selenium.common.exceptions.ElementClickInterceptedException: Message: element click intercepted: Element <button type=\"button\" class=\"Modal_modal__close_modified__3V5XS Modal_modal__close__TnseK\">...</button> is not clickable at point (1586, 350). Other element would receive the click: <div class=\"Modal_modal_overlay__x2ZCr\"></div>\n  (Session info: chrome=130.0.6723.117)\nStacktrace:\n0   chromedriver                        0x0000000100fcb6ac cxxbridge1$str$ptr + 3645404\n1   chromedriver                        0x0000000100fc3f0c cxxbridge1$str$ptr + 3614780\n2   chromedriver                        0x0000000100a30104 cxxbridge1$string$len + 88416\n3   chromedriver                        0x0000000100a77a74 cxxbridge1$string$len + 381648\n4   chromedriver                        0x0000000100a760dc cxxbridge1$string$len + 375096\n5   chromedriver                        0x0000000100a74320 cxxbridge1$string$len + 367484\n6   chromedriver                        0x0000000100a73534 cxxbridge1$string$len + 363920\n7   chromedriver                        0x0000000100a68e14 cxxbridge1$string$len + 321136\n8   chromedriver                        0x0000000100a688b0 cxxbridge1$string$len + 319756\n9   chromedriver                        0x0000000100aabbd0 cxxbridge1$string$len + 594988\n10  chromedriver                        0x0000000100a66f54 cxxbridge1$string$len + 313264\n11  chromedriver                        0x0000000100a67ba4 cxxbridge1$string$len + 316416\n12  chromedriver                        0x0000000100f9624c cxxbridge1$str$ptr + 3427196\n13  chromedriver                        0x0000000100f99590 cxxbridge1$str$ptr + 3440320\n14  chromedriver                        0x0000000100f7d670 cxxbridge1$str$ptr + 3325856\n15  chromedriver                        0x0000000100f99e54 cxxbridge1$str$ptr + 3442564\n16  chromedriver                        0x0000000100f6e8f4 cxxbridge1$str$ptr + 3265060\n17  chromedriver                        0x0000000100fb48fc cxxbridge1$str$ptr + 3551788\n18  chromedriver                        0x0000000100fb4a78 cxxbridge1$str$ptr + 3552168\n19  chromedriver                        0x0000000100fc3ba4 cxxbridge1$str$ptr + 3613908\n20  libsystem_pthread.dylib             0x00000001944532e4 _pthread_start + 136\n21  libsystem_pthread.dylib             0x000000019444e0fc thread_start + 8", "trace": "self = <tests.test_order_feed.TestOrderFeed object at 0x1027db400>, driver_setup = <selenium.webdriver.chrome.webdriver.WebDriver (session=\"874228e523d571eb84bde7b00f2241dc\")>\nsetup_home_page = <selenium.webdriver.chrome.webdriver.WebDriver (session=\"874228e523d571eb84bde7b00f2241dc\")>\n\n    @pytest.mark.parametrize(\"driver_setup\", [\"chrome\", \"firefox\"], indirect=True)\n    def test_check_order_in_processing(self, driver_setup, setup_home_page):\n        driver = setup_home_page\n        id_order = FeedPage(driver)\n>       assert id_order.check_order_in_processing()\n\ntests/test_order_feed.py:41: \n_ _ _ _ _ _ _ _ _ _ _ _ _ _ _ _ _ _ _ _ _ _ _ _ _ _ _ _ _ _ _ _ _ _ _ _ _ _ _ _ _ _ _ _ _ _ _ _ _ _ _ _ _ _ _ _ _ _ _ _ _ _ _ _ _ _ _ _ _ _ _ _ _ _ _ _ _ _ _ _ _ _ _ _ _ _ _ _ _ _ _ _ _ _ _ _ _ _ _ _ _ _ _ _ _ _ _ _ _ _ _ _ \npages/feed_page.py:145: in check_order_in_processing\n    self.click_element(self.FeedLocators.CLOSE_ORDER_MODAL)\npages/main_page.py:54: in click_element\n    self.find_element(locator, timeout).click()\n.venv/lib/python3.9/site-packages/selenium/webdriver/remote/webelement.py:94: in click\n    self._execute(Command.CLICK_ELEMENT)\n.venv/lib/python3.9/site-packages/selenium/webdriver/remote/webelement.py:395: in _execute\n    return self._parent.execute(command, params)\n.venv/lib/python3.9/site-packages/selenium/webdriver/remote/webdriver.py:380: in execute\n    self.error_handler.check_response(response)\n_ _ _ _ _ _ _ _ _ _ _ _ _ _ _ _ _ _ _ _ _ _ _ _ _ _ _ _ _ _ _ _ _ _ _ _ _ _ _ _ _ _ _ _ _ _ _ _ _ _ _ _ _ _ _ _ _ _ _ _ _ _ _ _ _ _ _ _ _ _ _ _ _ _ _ _ _ _ _ _ _ _ _ _ _ _ _ _ _ _ _ _ _ _ _ _ _ _ _ _ _ _ _ _ _ _ _ _ _ _ _ _ \n\nself = <selenium.webdriver.remote.errorhandler.ErrorHandler object at 0x1029aa370>\nresponse = {'status': 400, 'value': '{\"value\":{\"error\":\"element click intercepted\",\"message\":\"element click intercepted: Element ...0001944532e4 _pthread_start + 136\\\\n21  libsystem_pthread.dylib             0x000000019444e0fc thread_start + 8\\\\n\"}}'}\n\n    def check_response(self, response: Dict[str, Any]) -> None:\n        \"\"\"Checks that a JSON response from the WebDriver does not have an\n        error.\n    \n        :Args:\n         - response - The JSON response from the WebDriver server as a dictionary\n           object.\n    \n        :Raises: If the response contains an error message.\n        \"\"\"\n        status = response.get(\"status\", None)\n        if not status or status == ErrorCode.SUCCESS:\n            return\n        value = None\n        message = response.get(\"message\", \"\")\n        screen: str = response.get(\"screen\", \"\")\n        stacktrace = None\n        if isinstance(status, int):\n            value_json = response.get(\"value\", None)\n            if value_json and isinstance(value_json, str):\n                import json\n    \n                try:\n                    value = json.loads(value_json)\n                    if len(value) == 1:\n                        value = value[\"value\"]\n                    status = value.get(\"error\", None)\n                    if not status:\n                        status = value.get(\"status\", ErrorCode.UNKNOWN_ERROR)\n                        message = value.get(\"value\") or value.get(\"message\")\n                        if not isinstance(message, str):\n                            value = message\n                            message = message.get(\"message\")\n                    else:\n                        message = value.get(\"message\", None)\n                except ValueError:\n                    pass\n    \n        exception_class: Type[WebDriverException]\n        e = ErrorCode()\n        error_codes = [item for item in dir(e) if not item.startswith(\"__\")]\n        for error_code in error_codes:\n            error_info = getattr(ErrorCode, error_code)\n            if isinstance(error_info, list) and status in error_info:\n                exception_class = getattr(ExceptionMapping, error_code, WebDriverException)\n                break\n        else:\n            exception_class = WebDriverException\n    \n        if not value:\n            value = response[\"value\"]\n        if isinstance(value, str):\n            raise exception_class(value)\n        if message == \"\" and \"message\" in value:\n            message = value[\"message\"]\n    \n        screen = None  # type: ignore[assignment]\n        if \"screen\" in value:\n            screen = value[\"screen\"]\n    \n        stacktrace = None\n        st_value = value.get(\"stackTrace\") or value.get(\"stacktrace\")\n        if st_value:\n            if isinstance(st_value, str):\n                stacktrace = st_value.split(\"\\n\")\n            else:\n                stacktrace = []\n                try:\n                    for frame in st_value:\n                        line = frame.get(\"lineNumber\", \"\")\n                        file = frame.get(\"fileName\", \"<anonymous>\")\n                        if line:\n                            file = f\"{file}:{line}\"\n                        meth = frame.get(\"methodName\", \"<anonymous>\")\n                        if \"className\" in frame:\n                            meth = f\"{frame['className']}.{meth}\"\n                        msg = \"    at %s (%s)\"\n                        msg = msg % (meth, file)\n                        stacktrace.append(msg)\n                except TypeError:\n                    pass\n        if exception_class == UnexpectedAlertPresentException:\n            alert_text = None\n            if \"data\" in value:\n                alert_text = value[\"data\"].get(\"text\")\n            elif \"alert\" in value:\n                alert_text = value[\"alert\"].get(\"text\")\n            raise exception_class(message, screen, stacktrace, alert_text)  # type: ignore[call-arg]  # mypy is not smart enough here\n>       raise exception_class(message, screen, stacktrace)\nE       selenium.common.exceptions.ElementClickInterceptedException: Message: element click intercepted: Element <button type=\"button\" class=\"Modal_modal__close_modified__3V5XS Modal_modal__close__TnseK\">...</button> is not clickable at point (1586, 350). Other element would receive the click: <div class=\"Modal_modal_overlay__x2ZCr\"></div>\nE         (Session info: chrome=130.0.6723.117)\nE       Stacktrace:\nE       0   chromedriver                        0x0000000100fcb6ac cxxbridge1$str$ptr + 3645404\nE       1   chromedriver                        0x0000000100fc3f0c cxxbridge1$str$ptr + 3614780\nE       2   chromedriver                        0x0000000100a30104 cxxbridge1$string$len + 88416\nE       3   chromedriver                        0x0000000100a77a74 cxxbridge1$string$len + 381648\nE       4   chromedriver                        0x0000000100a760dc cxxbridge1$string$len + 375096\nE       5   chromedriver                        0x0000000100a74320 cxxbridge1$string$len + 367484\nE       6   chromedriver                        0x0000000100a73534 cxxbridge1$string$len + 363920\nE       7   chromedriver                        0x0000000100a68e14 cxxbridge1$string$len + 321136\nE       8   chromedriver                        0x0000000100a688b0 cxxbridge1$string$len + 319756\nE       9   chromedriver                        0x0000000100aabbd0 cxxbridge1$string$len + 594988\nE       10  chromedriver                        0x0000000100a66f54 cxxbridge1$string$len + 313264\nE       11  chromedriver                        0x0000000100a67ba4 cxxbridge1$string$len + 316416\nE       12  chromedriver                        0x0000000100f9624c cxxbridge1$str$ptr + 3427196\nE       13  chromedriver                        0x0000000100f99590 cxxbridge1$str$ptr + 3440320\nE       14  chromedriver                        0x0000000100f7d670 cxxbridge1$str$ptr + 3325856\nE       15  chromedriver                        0x0000000100f99e54 cxxbridge1$str$ptr + 3442564\nE       16  chromedriver                        0x0000000100f6e8f4 cxxbridge1$str$ptr + 3265060\nE       17  chromedriver                        0x0000000100fb48fc cxxbridge1$str$ptr + 3551788\nE       18  chromedriver                        0x0000000100fb4a78 cxxbridge1$str$ptr + 3552168\nE       19  chromedriver                        0x0000000100fc3ba4 cxxbridge1$str$ptr + 3613908\nE       20  libsystem_pthread.dylib             0x00000001944532e4 _pthread_start + 136\nE       21  libsystem_pthread.dylib             0x000000019444e0fc thread_start + 8\n\n.venv/lib/python3.9/site-packages/selenium/webdriver/remote/errorhandler.py:229: ElementClickInterceptedException"}, "steps": [{"name": "Процедура создания заказа авторизованным юзером", "status": "passed", "steps": [{"name": "Процедура входа в систему", "status": "passed", "steps": [{"name": "Клик по кнопке личный кабинет", "status": "passed", "start": 1730893807846, "stop": 1730893809588}, {"name": "Ввод email", "status": "passed", "start": 1730893809588, "stop": 1730893809657}, {"name": "Ввод пароля", "status": "passed", "start": 1730893809657, "stop": 1730893809680}, {"name": "Клик по кнопке войти", "status": "passed", "start": 1730893809680, "stop": 1730893809698}, {"name": "Получение локатора кнопки Оформить заказ", "status": "passed", "start": 1730893809698, "stop": 1730893810212}], "start": 1730893807846, "stop": 1730893810212}, {"name": "Добавление товара в корзину", "status": "passed", "steps": [{"name": "Поиск ингредиента", "status": "passed", "start": 1730893810212, "stop": 1730893810224}, {"name": "Поиск корзины", "status": "passed", "start": 1730893810224, "stop": 1730893810233}, {"name": "Поиск счетчика ингредиента", "status": "passed", "start": 1730893810233, "stop": 1730893810241}, {"name": "Получение текущего значения счетчика ингредиента", "status": "passed", "start": 1730893810241, "stop": 1730893810247}, {"name": "Инициализация ActionChains", "status": "passed", "start": 1730893810247, "stop": 1730893810247}, {"name": "Перетаскивание элемента", "status": "passed", "start": 1730893810247, "stop": 1730893810796}, {"name": "Ожидание изменения значения счетчика", "status": "passed", "start": 1730893810796, "stop": 1730893810811}, {"name": "Получение нового значения счетчика ингредиента", "status": "passed", "start": 1730893810811, "stop": 1730893812840}, {"name": "Проверка нового значения счетчика ингредиента и старого", "status": "passed", "start": 1730893812840, "stop": 1730893812840}], "start": 1730893810212, "stop": 1730893812840}, {"name": "Клик по кнопке оформить заказ", "status": "passed", "start": 1730893812840, "stop": 1730893812867}, {"name": "Проверяем, что появилось окно заказа", "status": "passed", "start": 1730893812867, "stop": 1730893813395}], "start": 1730893807846, "stop": 1730893813395}, {"name": "Получение id заказа", "status": "passed", "start": 1730893813395, "stop": 1730893813408}, {"name": "Клик по на крестик для закрытия окна заказа", "status": "broken", "statusDetails": {"message": "selenium.common.exceptions.ElementClickInterceptedException: Message: element click intercepted: Element <button type=\"button\" class=\"Modal_modal__close_modified__3V5XS Modal_modal__close__TnseK\">...</button> is not clickable at point (1586, 350). Other element would receive the click: <div class=\"Modal_modal_overlay__x2ZCr\"></div>\n  (Session info: chrome=130.0.6723.117)\nStacktrace:\n0   chromedriver                        0x0000000100fcb6ac cxxbridge1$str$ptr + 3645404\n1   chromedriver                        0x0000000100fc3f0c cxxbridge1$str$ptr + 3614780\n2   chromedriver                        0x0000000100a30104 cxxbridge1$string$len + 88416\n3   chromedriver                        0x0000000100a77a74 cxxbridge1$string$len + 381648\n4   chromedriver                        0x0000000100a760dc cxxbridge1$string$len + 375096\n5   chromedriver                        0x0000000100a74320 cxxbridge1$string$len + 367484\n6   chromedriver                        0x0000000100a73534 cxxbridge1$string$len + 363920\n7   chromedriver                        0x0000000100a68e14 cxxbridge1$string$len + 321136\n8   chromedriver                        0x0000000100a688b0 cxxbridge1$string$len + 319756\n9   chromedriver                        0x0000000100aabbd0 cxxbridge1$string$len + 594988\n10  chromedriver                        0x0000000100a66f54 cxxbridge1$string$len + 313264\n11  chromedriver                        0x0000000100a67ba4 cxxbridge1$string$len + 316416\n12  chromedriver                        0x0000000100f9624c cxxbridge1$str$ptr + 3427196\n13  chromedriver                        0x0000000100f99590 cxxbridge1$str$ptr + 3440320\n14  chromedriver                        0x0000000100f7d670 cxxbridge1$str$ptr + 3325856\n15  chromedriver                        0x0000000100f99e54 cxxbridge1$str$ptr + 3442564\n16  chromedriver                        0x0000000100f6e8f4 cxxbridge1$str$ptr + 3265060\n17  chromedriver                        0x0000000100fb48fc cxxbridge1$str$ptr + 3551788\n18  chromedriver                        0x0000000100fb4a78 cxxbridge1$str$ptr + 3552168\n19  chromedriver                        0x0000000100fc3ba4 cxxbridge1$str$ptr + 3613908\n20  libsystem_pthread.dylib             0x00000001944532e4 _pthread_start + 136\n21  libsystem_pthread.dylib             0x000000019444e0fc thread_start + 8\n\n", "trace": "  File \"/Users/milanradonich/PycharmProjects/Diplom/diplom_3/pages/feed_page.py\", line 145, in check_order_in_processing\n    self.click_element(self.FeedLocators.CLOSE_ORDER_MODAL)\n  File \"/Users/milanradonich/PycharmProjects/Diplom/diplom_3/pages/main_page.py\", line 54, in click_element\n    self.find_element(locator, timeout).click()\n  File \"/Users/milanradonich/PycharmProjects/Diplom/diplom_3/.venv/lib/python3.9/site-packages/selenium/webdriver/remote/webelement.py\", line 94, in click\n    self._execute(Command.CLICK_ELEMENT)\n  File \"/Users/milanradonich/PycharmProjects/Diplom/diplom_3/.venv/lib/python3.9/site-packages/selenium/webdriver/remote/webelement.py\", line 395, in _execute\n    return self._parent.execute(command, params)\n  File \"/Users/milanradonich/PycharmProjects/Diplom/diplom_3/.venv/lib/python3.9/site-packages/selenium/webdriver/remote/webdriver.py\", line 380, in execute\n    self.error_handler.check_response(response)\n  File \"/Users/milanradonich/PycharmProjects/Diplom/diplom_3/.venv/lib/python3.9/site-packages/selenium/webdriver/remote/errorhandler.py\", line 229, in check_response\n    raise exception_class(message, screen, stacktrace)\n"}, "start": 1730893813408, "stop": 1730893814446}], "parameters": [{"name": "driver_setup", "value": "'chrome'"}], "start": 1730893807845, "stop": 1730893814447, "uuid": "feb2be02-a6b8-4b84-980e-6292a0e640dd", "historyId": "523abbf8ef4078c019bde29f70e78376", "testCaseId": "6a5492c7f31ddde988331edacb32b04a", "fullName": "tests.test_order_feed.TestOrderFeed#test_check_order_in_processing", "labels": [{"name": "parentSuite", "value": "tests"}, {"name": "suite", "value": "test_order_feed"}, {"name": "subSuite", "value": "TestOrderFeed"}, {"name": "host", "value": "MacBook-Air-Milan.local"}, {"name": "thread", "value": "83662-MainThread"}, {"name": "framework", "value": "pytest"}, {"name": "language", "value": "cpython3"}, {"name": "package", "value": "tests.test_order_feed"}]}