{"name": "test_when_create_new_order_today_time_counter_increases[chrome]", "status": "broken", "statusDetails": {"message": "selenium.common.exceptions.NoSuchElementException: Message: no such element: Unable to locate element: {\"method\":\"xpath\",\"selector\":\"//p[contains(@class, 'OrderFeed_number__2MbrQ')]\"}\n  (Session info: chrome=130.0.6723.117); For documentation on this error, please visit: https://www.selenium.dev/documentation/webdriver/troubleshooting/errors#no-such-element-exception\nStacktrace:\n0   chromedriver                        0x000000010545f6ac cxxbridge1$str$ptr + 3645404\n1   chromedriver                        0x0000000105457f0c cxxbridge1$str$ptr + 3614780\n2   chromedriver                        0x0000000104ec4104 cxxbridge1$string$len + 88416\n3   chromedriver                        0x0000000104f06364 cxxbridge1$string$len + 359360\n4   chromedriver                        0x0000000104f3fbd0 cxxbridge1$string$len + 594988\n5   chromedriver                        0x0000000104efaf54 cxxbridge1$string$len + 313264\n6   chromedriver                        0x0000000104efbba4 cxxbridge1$string$len + 316416\n7   chromedriver                        0x000000010542a24c cxxbridge1$str$ptr + 3427196\n8   chromedriver                        0x000000010542d590 cxxbridge1$str$ptr + 3440320\n9   chromedriver                        0x0000000105411670 cxxbridge1$str$ptr + 3325856\n10  chromedriver                        0x000000010542de54 cxxbridge1$str$ptr + 3442564\n11  chromedriver                        0x00000001054028f4 cxxbridge1$str$ptr + 3265060\n12  chromedriver                        0x00000001054488fc cxxbridge1$str$ptr + 3551788\n13  chromedriver                        0x0000000105448a78 cxxbridge1$str$ptr + 3552168\n14  chromedriver                        0x0000000105457ba4 cxxbridge1$str$ptr + 3613908\n15  libsystem_pthread.dylib             0x00000001944532e4 _pthread_start + 136\n16  libsystem_pthread.dylib             0x000000019444e0fc thread_start + 8", "trace": "self = <tests.test_order_feed.TestOrderFeed object at 0x1027db0d0>, driver_setup = <selenium.webdriver.chrome.webdriver.WebDriver (session=\"261748ffaf51acc2f723a59b2bf5af36\")>\nsetup_home_page = <selenium.webdriver.chrome.webdriver.WebDriver (session=\"261748ffaf51acc2f723a59b2bf5af36\")>\n\n    @pytest.mark.parametrize(\"driver_setup\", [\"chrome\", \"firefox\"], indirect=True)\n    def test_when_create_new_order_today_time_counter_increases(self, driver_setup, setup_home_page):\n        driver = setup_home_page\n        counter_increased = FeedPage(driver)\n>       assert counter_increased.when_create_new_order_today_time_counter_increases()\n\ntests/test_order_feed.py:35: \n_ _ _ _ _ _ _ _ _ _ _ _ _ _ _ _ _ _ _ _ _ _ _ _ _ _ _ _ _ _ _ _ _ _ _ _ _ _ _ _ _ _ _ _ _ _ _ _ _ _ _ _ _ _ _ _ _ _ _ _ _ _ _ _ _ _ _ _ _ _ _ _ _ _ _ _ _ _ _ _ _ _ _ _ _ _ _ _ _ _ _ _ _ _ _ _ _ _ _ _ _ _ _ _ _ _ _ _ _ _ _ _ \npages/feed_page.py:124: in when_create_new_order_today_time_counter_increases\n    old_count = int(self.get_value(self.FeedLocators.ORDER_COUNT_TODAY_TIME))\npages/main_page.py:47: in get_value\n    value = self.driver.find_element(*locator)\n.venv/lib/python3.9/site-packages/selenium/webdriver/remote/webdriver.py:766: in find_element\n    return self.execute(Command.FIND_ELEMENT, {\"using\": by, \"value\": value})[\"value\"]\n.venv/lib/python3.9/site-packages/selenium/webdriver/remote/webdriver.py:380: in execute\n    self.error_handler.check_response(response)\n_ _ _ _ _ _ _ _ _ _ _ _ _ _ _ _ _ _ _ _ _ _ _ _ _ _ _ _ _ _ _ _ _ _ _ _ _ _ _ _ _ _ _ _ _ _ _ _ _ _ _ _ _ _ _ _ _ _ _ _ _ _ _ _ _ _ _ _ _ _ _ _ _ _ _ _ _ _ _ _ _ _ _ _ _ _ _ _ _ _ _ _ _ _ _ _ _ _ _ _ _ _ _ _ _ _ _ _ _ _ _ _ \n\nself = <selenium.webdriver.remote.errorhandler.ErrorHandler object at 0x1029a4ca0>\nresponse = {'status': 404, 'value': '{\"value\":{\"error\":\"no such element\",\"message\":\"no such element: Unable to locate element: {\\...0001944532e4 _pthread_start + 136\\\\n16  libsystem_pthread.dylib             0x000000019444e0fc thread_start + 8\\\\n\"}}'}\n\n    def check_response(self, response: Dict[str, Any]) -> None:\n        \"\"\"Checks that a JSON response from the WebDriver does not have an\n        error.\n    \n        :Args:\n         - response - The JSON response from the WebDriver server as a dictionary\n           object.\n    \n        :Raises: If the response contains an error message.\n        \"\"\"\n        status = response.get(\"status\", None)\n        if not status or status == ErrorCode.SUCCESS:\n            return\n        value = None\n        message = response.get(\"message\", \"\")\n        screen: str = response.get(\"screen\", \"\")\n        stacktrace = None\n        if isinstance(status, int):\n            value_json = response.get(\"value\", None)\n            if value_json and isinstance(value_json, str):\n                import json\n    \n                try:\n                    value = json.loads(value_json)\n                    if len(value) == 1:\n                        value = value[\"value\"]\n                    status = value.get(\"error\", None)\n                    if not status:\n                        status = value.get(\"status\", ErrorCode.UNKNOWN_ERROR)\n                        message = value.get(\"value\") or value.get(\"message\")\n                        if not isinstance(message, str):\n                            value = message\n                            message = message.get(\"message\")\n                    else:\n                        message = value.get(\"message\", None)\n                except ValueError:\n                    pass\n    \n        exception_class: Type[WebDriverException]\n        e = ErrorCode()\n        error_codes = [item for item in dir(e) if not item.startswith(\"__\")]\n        for error_code in error_codes:\n            error_info = getattr(ErrorCode, error_code)\n            if isinstance(error_info, list) and status in error_info:\n                exception_class = getattr(ExceptionMapping, error_code, WebDriverException)\n                break\n        else:\n            exception_class = WebDriverException\n    \n        if not value:\n            value = response[\"value\"]\n        if isinstance(value, str):\n            raise exception_class(value)\n        if message == \"\" and \"message\" in value:\n            message = value[\"message\"]\n    \n        screen = None  # type: ignore[assignment]\n        if \"screen\" in value:\n            screen = value[\"screen\"]\n    \n        stacktrace = None\n        st_value = value.get(\"stackTrace\") or value.get(\"stacktrace\")\n        if st_value:\n            if isinstance(st_value, str):\n                stacktrace = st_value.split(\"\\n\")\n            else:\n                stacktrace = []\n                try:\n                    for frame in st_value:\n                        line = frame.get(\"lineNumber\", \"\")\n                        file = frame.get(\"fileName\", \"<anonymous>\")\n                        if line:\n                            file = f\"{file}:{line}\"\n                        meth = frame.get(\"methodName\", \"<anonymous>\")\n                        if \"className\" in frame:\n                            meth = f\"{frame['className']}.{meth}\"\n                        msg = \"    at %s (%s)\"\n                        msg = msg % (meth, file)\n                        stacktrace.append(msg)\n                except TypeError:\n                    pass\n        if exception_class == UnexpectedAlertPresentException:\n            alert_text = None\n            if \"data\" in value:\n                alert_text = value[\"data\"].get(\"text\")\n            elif \"alert\" in value:\n                alert_text = value[\"alert\"].get(\"text\")\n            raise exception_class(message, screen, stacktrace, alert_text)  # type: ignore[call-arg]  # mypy is not smart enough here\n>       raise exception_class(message, screen, stacktrace)\nE       selenium.common.exceptions.NoSuchElementException: Message: no such element: Unable to locate element: {\"method\":\"xpath\",\"selector\":\"//p[contains(@class, 'OrderFeed_number__2MbrQ')]\"}\nE         (Session info: chrome=130.0.6723.117); For documentation on this error, please visit: https://www.selenium.dev/documentation/webdriver/troubleshooting/errors#no-such-element-exception\nE       Stacktrace:\nE       0   chromedriver                        0x000000010545f6ac cxxbridge1$str$ptr + 3645404\nE       1   chromedriver                        0x0000000105457f0c cxxbridge1$str$ptr + 3614780\nE       2   chromedriver                        0x0000000104ec4104 cxxbridge1$string$len + 88416\nE       3   chromedriver                        0x0000000104f06364 cxxbridge1$string$len + 359360\nE       4   chromedriver                        0x0000000104f3fbd0 cxxbridge1$string$len + 594988\nE       5   chromedriver                        0x0000000104efaf54 cxxbridge1$string$len + 313264\nE       6   chromedriver                        0x0000000104efbba4 cxxbridge1$string$len + 316416\nE       7   chromedriver                        0x000000010542a24c cxxbridge1$str$ptr + 3427196\nE       8   chromedriver                        0x000000010542d590 cxxbridge1$str$ptr + 3440320\nE       9   chromedriver                        0x0000000105411670 cxxbridge1$str$ptr + 3325856\nE       10  chromedriver                        0x000000010542de54 cxxbridge1$str$ptr + 3442564\nE       11  chromedriver                        0x00000001054028f4 cxxbridge1$str$ptr + 3265060\nE       12  chromedriver                        0x00000001054488fc cxxbridge1$str$ptr + 3551788\nE       13  chromedriver                        0x0000000105448a78 cxxbridge1$str$ptr + 3552168\nE       14  chromedriver                        0x0000000105457ba4 cxxbridge1$str$ptr + 3613908\nE       15  libsystem_pthread.dylib             0x00000001944532e4 _pthread_start + 136\nE       16  libsystem_pthread.dylib             0x000000019444e0fc thread_start + 8\n\n.venv/lib/python3.9/site-packages/selenium/webdriver/remote/errorhandler.py:229: NoSuchElementException"}, "steps": [{"name": "Клик по кнопке Лента заказов", "status": "passed", "steps": [{"name": "Клик по кнопке Лента заказов", "status": "passed", "start": 1730893800205, "stop": 1730893801936}], "start": 1730893800205, "stop": 1730893801938}, {"name": "Получение текущего значения счетчика", "status": "broken", "statusDetails": {"message": "selenium.common.exceptions.NoSuchElementException: Message: no such element: Unable to locate element: {\"method\":\"xpath\",\"selector\":\"//p[contains(@class, 'OrderFeed_number__2MbrQ')]\"}\n  (Session info: chrome=130.0.6723.117); For documentation on this error, please visit: https://www.selenium.dev/documentation/webdriver/troubleshooting/errors#no-such-element-exception\nStacktrace:\n0   chromedriver                        0x000000010545f6ac cxxbridge1$str$ptr + 3645404\n1   chromedriver                        0x0000000105457f0c cxxbridge1$str$ptr + 3614780\n2   chromedriver                        0x0000000104ec4104 cxxbridge1$string$len + 88416\n3   chromedriver                        0x0000000104f06364 cxxbridge1$string$len + 359360\n4   chromedriver                        0x0000000104f3fbd0 cxxbridge1$string$len + 594988\n5   chromedriver                        0x0000000104efaf54 cxxbridge1$string$len + 313264\n6   chromedriver                        0x0000000104efbba4 cxxbridge1$string$len + 316416\n7   chromedriver                        0x000000010542a24c cxxbridge1$str$ptr + 3427196\n8   chromedriver                        0x000000010542d590 cxxbridge1$str$ptr + 3440320\n9   chromedriver                        0x0000000105411670 cxxbridge1$str$ptr + 3325856\n10  chromedriver                        0x000000010542de54 cxxbridge1$str$ptr + 3442564\n11  chromedriver                        0x00000001054028f4 cxxbridge1$str$ptr + 3265060\n12  chromedriver                        0x00000001054488fc cxxbridge1$str$ptr + 3551788\n13  chromedriver                        0x0000000105448a78 cxxbridge1$str$ptr + 3552168\n14  chromedriver                        0x0000000105457ba4 cxxbridge1$str$ptr + 3613908\n15  libsystem_pthread.dylib             0x00000001944532e4 _pthread_start + 136\n16  libsystem_pthread.dylib             0x000000019444e0fc thread_start + 8\n\n", "trace": "  File \"/Users/milanradonich/PycharmProjects/Diplom/diplom_3/pages/feed_page.py\", line 124, in when_create_new_order_today_time_counter_increases\n    old_count = int(self.get_value(self.FeedLocators.ORDER_COUNT_TODAY_TIME))\n  File \"/Users/milanradonich/PycharmProjects/Diplom/diplom_3/pages/main_page.py\", line 47, in get_value\n    value = self.driver.find_element(*locator)\n  File \"/Users/milanradonich/PycharmProjects/Diplom/diplom_3/.venv/lib/python3.9/site-packages/selenium/webdriver/remote/webdriver.py\", line 766, in find_element\n    return self.execute(Command.FIND_ELEMENT, {\"using\": by, \"value\": value})[\"value\"]\n  File \"/Users/milanradonich/PycharmProjects/Diplom/diplom_3/.venv/lib/python3.9/site-packages/selenium/webdriver/remote/webdriver.py\", line 380, in execute\n    self.error_handler.check_response(response)\n  File \"/Users/milanradonich/PycharmProjects/Diplom/diplom_3/.venv/lib/python3.9/site-packages/selenium/webdriver/remote/errorhandler.py\", line 229, in check_response\n    raise exception_class(message, screen, stacktrace)\n"}, "start": 1730893801938, "stop": 1730893801954}], "parameters": [{"name": "driver_setup", "value": "'chrome'"}], "start": 1730893800204, "stop": 1730893801954, "uuid": "35cb31de-b597-4461-881b-b746ba7ed357", "historyId": "93e193a037641aca4bc13fd49c9d1e79", "testCaseId": "2c074c24d20d0b47d3c566cbebfd4882", "fullName": "tests.test_order_feed.TestOrderFeed#test_when_create_new_order_today_time_counter_increases", "labels": [{"name": "parentSuite", "value": "tests"}, {"name": "suite", "value": "test_order_feed"}, {"name": "subSuite", "value": "TestOrderFeed"}, {"name": "host", "value": "MacBook-Air-Milan.local"}, {"name": "thread", "value": "83662-MainThread"}, {"name": "framework", "value": "pytest"}, {"name": "language", "value": "cpython3"}, {"name": "package", "value": "tests.test_order_feed"}]}