{"name": "test_close_order_card[chrome]", "status": "broken", "statusDetails": {"message": "selenium.common.exceptions.TimeoutException: Message: \nStacktrace:\n0   chromedriver                        0x000000010501b6ac cxxbridge1$str$ptr + 3645404\n1   chromedriver                        0x0000000105013f0c cxxbridge1$str$ptr + 3614780\n2   chromedriver                        0x0000000104a80104 cxxbridge1$string$len + 88416\n3   chromedriver                        0x0000000104ac2364 cxxbridge1$string$len + 359360\n4   chromedriver                        0x0000000104afbbd0 cxxbridge1$string$len + 594988\n5   chromedriver                        0x0000000104ab6f54 cxxbridge1$string$len + 313264\n6   chromedriver                        0x0000000104ab7ba4 cxxbridge1$string$len + 316416\n7   chromedriver                        0x0000000104fe624c cxxbridge1$str$ptr + 3427196\n8   chromedriver                        0x0000000104fe9590 cxxbridge1$str$ptr + 3440320\n9   chromedriver                        0x0000000104fcd670 cxxbridge1$str$ptr + 3325856\n10  chromedriver                        0x0000000104fe9e54 cxxbridge1$str$ptr + 3442564\n11  chromedriver                        0x0000000104fbe8f4 cxxbridge1$str$ptr + 3265060\n12  chromedriver                        0x00000001050048fc cxxbridge1$str$ptr + 3551788\n13  chromedriver                        0x0000000105004a78 cxxbridge1$str$ptr + 3552168\n14  chromedriver                        0x0000000105013ba4 cxxbridge1$str$ptr + 3613908\n15  libsystem_pthread.dylib             0x00000001944532e4 _pthread_start + 136\n16  libsystem_pthread.dylib             0x000000019444e0fc thread_start + 8", "trace": "self = <tests.test_order_feed.TestOrderFeed object at 0x1044ea040>, setup_home_page = <selenium.webdriver.chrome.webdriver.WebDriver (session=\"b1d449444c9d0be17d11b9e901d5fab7\")>\n\n    def test_close_order_card(self, setup_home_page):\n        driver = setup_home_page\n        close_card = FeedPage(driver)\n>       assert close_card.close_order_card()\n\ntests/test_order_feed.py:15: \n_ _ _ _ _ _ _ _ _ _ _ _ _ _ _ _ _ _ _ _ _ _ _ _ _ _ _ _ _ _ _ _ _ _ _ _ _ _ _ _ _ _ _ _ _ _ _ _ _ _ _ _ _ _ _ _ _ _ _ _ _ _ _ _ _ _ _ _ _ _ _ _ _ _ _ _ _ _ _ _ _ _ _ _ _ _ _ _ _ _ _ _ _ _ _ _ _ _ _ _ _ _ _ _ _ _ _ _ _ _ _ _ \npages/feed_page.py:66: in close_order_card\n    self.click_on_order_card()\npages/feed_page.py:54: in click_on_order_card\n    self.click_element(self.FeedLocators.ORDER_CARDS)\npages/base_page.py:54: in click_element\n    self.find_element(locator, timeout).click()\npages/base_page.py:51: in find_element\n    return WebDriverWait(self.driver, timeout).until(EC.visibility_of_element_located(locator))\n_ _ _ _ _ _ _ _ _ _ _ _ _ _ _ _ _ _ _ _ _ _ _ _ _ _ _ _ _ _ _ _ _ _ _ _ _ _ _ _ _ _ _ _ _ _ _ _ _ _ _ _ _ _ _ _ _ _ _ _ _ _ _ _ _ _ _ _ _ _ _ _ _ _ _ _ _ _ _ _ _ _ _ _ _ _ _ _ _ _ _ _ _ _ _ _ _ _ _ _ _ _ _ _ _ _ _ _ _ _ _ _ \n\nself = <selenium.webdriver.support.wait.WebDriverWait (session=\"b1d449444c9d0be17d11b9e901d5fab7\")>, method = <function visibility_of_element_located.<locals>._predicate at 0x1041f90d0>, message = ''\n\n    def until(self, method: Callable[[D], Union[Literal[False], T]], message: str = \"\") -> T:\n        \"\"\"Calls the method provided with the driver as an argument until the \\\n        return value does not evaluate to ``False``.\n    \n        :param method: callable(WebDriver)\n        :param message: optional message for :exc:`TimeoutException`\n        :returns: the result of the last call to `method`\n        :raises: :exc:`selenium.common.exceptions.TimeoutException` if timeout occurs\n        \"\"\"\n        screen = None\n        stacktrace = None\n    \n        end_time = time.monotonic() + self._timeout\n        while True:\n            try:\n                value = method(self._driver)\n                if value:\n                    return value\n            except self._ignored_exceptions as exc:\n                screen = getattr(exc, \"screen\", None)\n                stacktrace = getattr(exc, \"stacktrace\", None)\n            if time.monotonic() > end_time:\n                break\n            time.sleep(self._poll)\n>       raise TimeoutException(message, screen, stacktrace)\nE       selenium.common.exceptions.TimeoutException: Message: \nE       Stacktrace:\nE       0   chromedriver                        0x000000010501b6ac cxxbridge1$str$ptr + 3645404\nE       1   chromedriver                        0x0000000105013f0c cxxbridge1$str$ptr + 3614780\nE       2   chromedriver                        0x0000000104a80104 cxxbridge1$string$len + 88416\nE       3   chromedriver                        0x0000000104ac2364 cxxbridge1$string$len + 359360\nE       4   chromedriver                        0x0000000104afbbd0 cxxbridge1$string$len + 594988\nE       5   chromedriver                        0x0000000104ab6f54 cxxbridge1$string$len + 313264\nE       6   chromedriver                        0x0000000104ab7ba4 cxxbridge1$string$len + 316416\nE       7   chromedriver                        0x0000000104fe624c cxxbridge1$str$ptr + 3427196\nE       8   chromedriver                        0x0000000104fe9590 cxxbridge1$str$ptr + 3440320\nE       9   chromedriver                        0x0000000104fcd670 cxxbridge1$str$ptr + 3325856\nE       10  chromedriver                        0x0000000104fe9e54 cxxbridge1$str$ptr + 3442564\nE       11  chromedriver                        0x0000000104fbe8f4 cxxbridge1$str$ptr + 3265060\nE       12  chromedriver                        0x00000001050048fc cxxbridge1$str$ptr + 3551788\nE       13  chromedriver                        0x0000000105004a78 cxxbridge1$str$ptr + 3552168\nE       14  chromedriver                        0x0000000105013ba4 cxxbridge1$str$ptr + 3613908\nE       15  libsystem_pthread.dylib             0x00000001944532e4 _pthread_start + 136\nE       16  libsystem_pthread.dylib             0x000000019444e0fc thread_start + 8\n\n.venv/lib/python3.9/site-packages/selenium/webdriver/support/wait.py:105: TimeoutException"}, "steps": [{"name": "Процедура открытия заказа", "status": "broken", "statusDetails": {"message": "selenium.common.exceptions.TimeoutException: Message: \nStacktrace:\n0   chromedriver                        0x000000010501b6ac cxxbridge1$str$ptr + 3645404\n1   chromedriver                        0x0000000105013f0c cxxbridge1$str$ptr + 3614780\n2   chromedriver                        0x0000000104a80104 cxxbridge1$string$len + 88416\n3   chromedriver                        0x0000000104ac2364 cxxbridge1$string$len + 359360\n4   chromedriver                        0x0000000104afbbd0 cxxbridge1$string$len + 594988\n5   chromedriver                        0x0000000104ab6f54 cxxbridge1$string$len + 313264\n6   chromedriver                        0x0000000104ab7ba4 cxxbridge1$string$len + 316416\n7   chromedriver                        0x0000000104fe624c cxxbridge1$str$ptr + 3427196\n8   chromedriver                        0x0000000104fe9590 cxxbridge1$str$ptr + 3440320\n9   chromedriver                        0x0000000104fcd670 cxxbridge1$str$ptr + 3325856\n10  chromedriver                        0x0000000104fe9e54 cxxbridge1$str$ptr + 3442564\n11  chromedriver                        0x0000000104fbe8f4 cxxbridge1$str$ptr + 3265060\n12  chromedriver                        0x00000001050048fc cxxbridge1$str$ptr + 3551788\n13  chromedriver                        0x0000000105004a78 cxxbridge1$str$ptr + 3552168\n14  chromedriver                        0x0000000105013ba4 cxxbridge1$str$ptr + 3613908\n15  libsystem_pthread.dylib             0x00000001944532e4 _pthread_start + 136\n16  libsystem_pthread.dylib             0x000000019444e0fc thread_start + 8\n\n", "trace": "  File \"/Users/milanradonich/PycharmProjects/Diplom/diplom_3/pages/feed_page.py\", line 66, in close_order_card\n    self.click_on_order_card()\n  File \"/Users/milanradonich/PycharmProjects/Diplom/diplom_3/pages/feed_page.py\", line 54, in click_on_order_card\n    self.click_element(self.FeedLocators.ORDER_CARDS)\n  File \"/Users/milanradonich/PycharmProjects/Diplom/diplom_3/pages/base_page.py\", line 54, in click_element\n    self.find_element(locator, timeout).click()\n  File \"/Users/milanradonich/PycharmProjects/Diplom/diplom_3/pages/base_page.py\", line 51, in find_element\n    return WebDriverWait(self.driver, timeout).until(EC.visibility_of_element_located(locator))\n  File \"/Users/milanradonich/PycharmProjects/Diplom/diplom_3/.venv/lib/python3.9/site-packages/selenium/webdriver/support/wait.py\", line 105, in until\n    raise TimeoutException(message, screen, stacktrace)\n"}, "steps": [{"name": "Клик по кнопке «Лента заказов»", "status": "passed", "steps": [{"name": "Клик по кнопке Лента заказов", "status": "passed", "start": 1730900595046, "stop": 1730900597385}], "start": 1730900595046, "stop": 1730900597393}, {"name": "Клик по заказу", "status": "broken", "statusDetails": {"message": "selenium.common.exceptions.TimeoutException: Message: \nStacktrace:\n0   chromedriver                        0x000000010501b6ac cxxbridge1$str$ptr + 3645404\n1   chromedriver                        0x0000000105013f0c cxxbridge1$str$ptr + 3614780\n2   chromedriver                        0x0000000104a80104 cxxbridge1$string$len + 88416\n3   chromedriver                        0x0000000104ac2364 cxxbridge1$string$len + 359360\n4   chromedriver                        0x0000000104afbbd0 cxxbridge1$string$len + 594988\n5   chromedriver                        0x0000000104ab6f54 cxxbridge1$string$len + 313264\n6   chromedriver                        0x0000000104ab7ba4 cxxbridge1$string$len + 316416\n7   chromedriver                        0x0000000104fe624c cxxbridge1$str$ptr + 3427196\n8   chromedriver                        0x0000000104fe9590 cxxbridge1$str$ptr + 3440320\n9   chromedriver                        0x0000000104fcd670 cxxbridge1$str$ptr + 3325856\n10  chromedriver                        0x0000000104fe9e54 cxxbridge1$str$ptr + 3442564\n11  chromedriver                        0x0000000104fbe8f4 cxxbridge1$str$ptr + 3265060\n12  chromedriver                        0x00000001050048fc cxxbridge1$str$ptr + 3551788\n13  chromedriver                        0x0000000105004a78 cxxbridge1$str$ptr + 3552168\n14  chromedriver                        0x0000000105013ba4 cxxbridge1$str$ptr + 3613908\n15  libsystem_pthread.dylib             0x00000001944532e4 _pthread_start + 136\n16  libsystem_pthread.dylib             0x000000019444e0fc thread_start + 8\n\n", "trace": "  File \"/Users/milanradonich/PycharmProjects/Diplom/diplom_3/pages/feed_page.py\", line 54, in click_on_order_card\n    self.click_element(self.FeedLocators.ORDER_CARDS)\n  File \"/Users/milanradonich/PycharmProjects/Diplom/diplom_3/pages/base_page.py\", line 54, in click_element\n    self.find_element(locator, timeout).click()\n  File \"/Users/milanradonich/PycharmProjects/Diplom/diplom_3/pages/base_page.py\", line 51, in find_element\n    return WebDriverWait(self.driver, timeout).until(EC.visibility_of_element_located(locator))\n  File \"/Users/milanradonich/PycharmProjects/Diplom/diplom_3/.venv/lib/python3.9/site-packages/selenium/webdriver/support/wait.py\", line 105, in until\n    raise TimeoutException(message, screen, stacktrace)\n"}, "start": 1730900597393, "stop": 1730900607658}], "start": 1730900595046, "stop": 1730900607658}], "parameters": [{"name": "driver_setup", "value": "'chrome'"}], "start": 1730900595046, "stop": 1730900607659, "uuid": "3ce7cc4a-671f-40e8-a0ec-13a867f456ee", "historyId": "6a1389f1eaaf1455872c12537f5c39e8", "testCaseId": "8b38e7a8d8b6d94ec631f46ae59a6107", "fullName": "tests.test_order_feed.TestOrderFeed#test_close_order_card", "labels": [{"name": "parentSuite", "value": "tests"}, {"name": "suite", "value": "test_order_feed"}, {"name": "subSuite", "value": "TestOrderFeed"}, {"name": "host", "value": "MacBook-Air-Milan.local"}, {"name": "thread", "value": "87646-MainThread"}, {"name": "framework", "value": "pytest"}, {"name": "language", "value": "cpython3"}, {"name": "package", "value": "tests.test_order_feed"}]}