{"name": "test_close_order_card[firefox]", "status": "broken", "statusDetails": {"message": "selenium.common.exceptions.TimeoutException: Message: \nStacktrace:\nRemoteError@chrome://remote/content/shared/RemoteError.sys.mjs:8:8\nWebDriverError@chrome://remote/content/shared/webdriver/Errors.sys.mjs:193:5\nNoSuchElementError@chrome://remote/content/shared/webdriver/Errors.sys.mjs:511:5\ndom.find/</<@chrome://remote/content/shared/DOM.sys.mjs:136:16", "trace": "self = <tests.test_order_feed.TestOrderFeed object at 0x1027d07f0>, driver_setup = <selenium.webdriver.firefox.webdriver.WebDriver (session=\"7503e630-0437-4e93-a52b-199f9ae4fce5\")>\nsetup_home_page = <selenium.webdriver.firefox.webdriver.WebDriver (session=\"7503e630-0437-4e93-a52b-199f9ae4fce5\")>\n\n    @pytest.mark.parametrize(\"driver_setup\", [\"chrome\", \"firefox\"], indirect=True)\n    def test_close_order_card(self, driver_setup, setup_home_page):\n        driver = setup_home_page\n        close_card = FeedPage(driver)\n>       assert close_card.close_order_card()\n\ntests/test_order_feed.py:17: \n_ _ _ _ _ _ _ _ _ _ _ _ _ _ _ _ _ _ _ _ _ _ _ _ _ _ _ _ _ _ _ _ _ _ _ _ _ _ _ _ _ _ _ _ _ _ _ _ _ _ _ _ _ _ _ _ _ _ _ _ _ _ _ _ _ _ _ _ _ _ _ _ _ _ _ _ _ _ _ _ _ _ _ _ _ _ _ _ _ _ _ _ _ _ _ _ _ _ _ _ _ _ _ _ _ _ _ _ _ _ _ _ \npages/feed_page.py:68: in close_order_card\n    self.click_on_order_card()\npages/feed_page.py:56: in click_on_order_card\n    self.click_element(self.FeedLocators.ORDER_CARDS)\npages/main_page.py:54: in click_element\n    self.find_element(locator, timeout).click()\npages/main_page.py:51: in find_element\n    return WebDriverWait(self.driver, timeout).until(EC.visibility_of_element_located(locator))\n_ _ _ _ _ _ _ _ _ _ _ _ _ _ _ _ _ _ _ _ _ _ _ _ _ _ _ _ _ _ _ _ _ _ _ _ _ _ _ _ _ _ _ _ _ _ _ _ _ _ _ _ _ _ _ _ _ _ _ _ _ _ _ _ _ _ _ _ _ _ _ _ _ _ _ _ _ _ _ _ _ _ _ _ _ _ _ _ _ _ _ _ _ _ _ _ _ _ _ _ _ _ _ _ _ _ _ _ _ _ _ _ \n\nself = <selenium.webdriver.support.wait.WebDriverWait (session=\"7503e630-0437-4e93-a52b-199f9ae4fce5\")>, method = <function visibility_of_element_located.<locals>._predicate at 0x102925040>, message = ''\n\n    def until(self, method: Callable[[D], Union[Literal[False], T]], message: str = \"\") -> T:\n        \"\"\"Calls the method provided with the driver as an argument until the \\\n        return value does not evaluate to ``False``.\n    \n        :param method: callable(WebDriver)\n        :param message: optional message for :exc:`TimeoutException`\n        :returns: the result of the last call to `method`\n        :raises: :exc:`selenium.common.exceptions.TimeoutException` if timeout occurs\n        \"\"\"\n        screen = None\n        stacktrace = None\n    \n        end_time = time.monotonic() + self._timeout\n        while True:\n            try:\n                value = method(self._driver)\n                if value:\n                    return value\n            except self._ignored_exceptions as exc:\n                screen = getattr(exc, \"screen\", None)\n                stacktrace = getattr(exc, \"stacktrace\", None)\n            if time.monotonic() > end_time:\n                break\n            time.sleep(self._poll)\n>       raise TimeoutException(message, screen, stacktrace)\nE       selenium.common.exceptions.TimeoutException: Message: \nE       Stacktrace:\nE       RemoteError@chrome://remote/content/shared/RemoteError.sys.mjs:8:8\nE       WebDriverError@chrome://remote/content/shared/webdriver/Errors.sys.mjs:193:5\nE       NoSuchElementError@chrome://remote/content/shared/webdriver/Errors.sys.mjs:511:5\nE       dom.find/</<@chrome://remote/content/shared/DOM.sys.mjs:136:16\n\n.venv/lib/python3.9/site-packages/selenium/webdriver/support/wait.py:105: TimeoutException"}, "steps": [{"name": "Процедура открытия заказа", "status": "broken", "statusDetails": {"message": "selenium.common.exceptions.TimeoutException: Message: \nStacktrace:\nRemoteError@chrome://remote/content/shared/RemoteError.sys.mjs:8:8\nWebDriverError@chrome://remote/content/shared/webdriver/Errors.sys.mjs:193:5\nNoSuchElementError@chrome://remote/content/shared/webdriver/Errors.sys.mjs:511:5\ndom.find/</<@chrome://remote/content/shared/DOM.sys.mjs:136:16\n\n", "trace": "  File \"/Users/milanradonich/PycharmProjects/Diplom/diplom_3/pages/feed_page.py\", line 68, in close_order_card\n    self.click_on_order_card()\n  File \"/Users/milanradonich/PycharmProjects/Diplom/diplom_3/pages/feed_page.py\", line 56, in click_on_order_card\n    self.click_element(self.FeedLocators.ORDER_CARDS)\n  File \"/Users/milanradonich/PycharmProjects/Diplom/diplom_3/pages/main_page.py\", line 54, in click_element\n    self.find_element(locator, timeout).click()\n  File \"/Users/milanradonich/PycharmProjects/Diplom/diplom_3/pages/main_page.py\", line 51, in find_element\n    return WebDriverWait(self.driver, timeout).until(EC.visibility_of_element_located(locator))\n  File \"/Users/milanradonich/PycharmProjects/Diplom/diplom_3/.venv/lib/python3.9/site-packages/selenium/webdriver/support/wait.py\", line 105, in until\n    raise TimeoutException(message, screen, stacktrace)\n"}, "steps": [{"name": "Клик по кнопке «Лента заказов»", "status": "passed", "steps": [{"name": "Клик по кнопке Лента заказов", "status": "passed", "start": 1730893768922, "stop": 1730893769157}], "start": 1730893768922, "stop": 1730893769158}, {"name": "Клик по заказу", "status": "broken", "statusDetails": {"message": "selenium.common.exceptions.TimeoutException: Message: \nStacktrace:\nRemoteError@chrome://remote/content/shared/RemoteError.sys.mjs:8:8\nWebDriverError@chrome://remote/content/shared/webdriver/Errors.sys.mjs:193:5\nNoSuchElementError@chrome://remote/content/shared/webdriver/Errors.sys.mjs:511:5\ndom.find/</<@chrome://remote/content/shared/DOM.sys.mjs:136:16\n\n", "trace": "  File \"/Users/milanradonich/PycharmProjects/Diplom/diplom_3/pages/feed_page.py\", line 56, in click_on_order_card\n    self.click_element(self.FeedLocators.ORDER_CARDS)\n  File \"/Users/milanradonich/PycharmProjects/Diplom/diplom_3/pages/main_page.py\", line 54, in click_element\n    self.find_element(locator, timeout).click()\n  File \"/Users/milanradonich/PycharmProjects/Diplom/diplom_3/pages/main_page.py\", line 51, in find_element\n    return WebDriverWait(self.driver, timeout).until(EC.visibility_of_element_located(locator))\n  File \"/Users/milanradonich/PycharmProjects/Diplom/diplom_3/.venv/lib/python3.9/site-packages/selenium/webdriver/support/wait.py\", line 105, in until\n    raise TimeoutException(message, screen, stacktrace)\n"}, "start": 1730893769158, "stop": 1730893779373}], "start": 1730893768922, "stop": 1730893779373}], "parameters": [{"name": "driver_setup", "value": "'firefox'"}], "start": 1730893768921, "stop": 1730893779374, "uuid": "7adb877e-f688-4231-a4e2-f5a4fb0380c7", "historyId": "482d87f0e7dbea004a51bea38f125859", "testCaseId": "8b38e7a8d8b6d94ec631f46ae59a6107", "fullName": "tests.test_order_feed.TestOrderFeed#test_close_order_card", "labels": [{"name": "parentSuite", "value": "tests"}, {"name": "suite", "value": "test_order_feed"}, {"name": "subSuite", "value": "TestOrderFeed"}, {"name": "host", "value": "MacBook-Air-Milan.local"}, {"name": "thread", "value": "83662-MainThread"}, {"name": "framework", "value": "pytest"}, {"name": "language", "value": "cpython3"}, {"name": "package", "value": "tests.test_order_feed"}]}