{"name": "test_create_order_auth_user[firefox]", "status": "broken", "statusDetails": {"message": "selenium.common.exceptions.TimeoutException: Message:", "trace": "self = <tests.test_main_functions.TestMainFunction object at 0x1027c1ca0>, driver_setup = <selenium.webdriver.firefox.webdriver.WebDriver (session=\"7d7e9a13-9a82-4f7e-bb0b-0e016e9c1dfd\")>\nsetup_home_page = <selenium.webdriver.firefox.webdriver.WebDriver (session=\"7d7e9a13-9a82-4f7e-bb0b-0e016e9c1dfd\")>\n\n    @pytest.mark.parametrize(\"driver_setup\", [\"chrome\", \"firefox\"], indirect=True)\n    def test_create_order_auth_user(self, driver_setup, setup_home_page):\n        driver = setup_home_page\n        create_order = LoginPage(driver)\n>       assert create_order.create_order_auth_user()\n\ntests/test_main_functions.py:48: \n_ _ _ _ _ _ _ _ _ _ _ _ _ _ _ _ _ _ _ _ _ _ _ _ _ _ _ _ _ _ _ _ _ _ _ _ _ _ _ _ _ _ _ _ _ _ _ _ _ _ _ _ _ _ _ _ _ _ _ _ _ _ _ _ _ _ _ _ _ _ _ _ _ _ _ _ _ _ _ _ _ _ _ _ _ _ _ _ _ _ _ _ _ _ _ _ _ _ _ _ _ _ _ _ _ _ _ _ _ _ _ _ \npages/login_page.py:55: in create_order_auth_user\n    self.ingredient_counter_increases()\npages/main_page.py:98: in ingredient_counter_increases\n    WebDriverWait(self.driver, 10).until(\n_ _ _ _ _ _ _ _ _ _ _ _ _ _ _ _ _ _ _ _ _ _ _ _ _ _ _ _ _ _ _ _ _ _ _ _ _ _ _ _ _ _ _ _ _ _ _ _ _ _ _ _ _ _ _ _ _ _ _ _ _ _ _ _ _ _ _ _ _ _ _ _ _ _ _ _ _ _ _ _ _ _ _ _ _ _ _ _ _ _ _ _ _ _ _ _ _ _ _ _ _ _ _ _ _ _ _ _ _ _ _ _ \n\nself = <selenium.webdriver.support.wait.WebDriverWait (session=\"7d7e9a13-9a82-4f7e-bb0b-0e016e9c1dfd\")>, method = <function MainPage.ingredient_counter_increases.<locals>.<lambda> at 0x1028f3dc0>, message = ''\n\n    def until(self, method: Callable[[D], Union[Literal[False], T]], message: str = \"\") -> T:\n        \"\"\"Calls the method provided with the driver as an argument until the \\\n        return value does not evaluate to ``False``.\n    \n        :param method: callable(WebDriver)\n        :param message: optional message for :exc:`TimeoutException`\n        :returns: the result of the last call to `method`\n        :raises: :exc:`selenium.common.exceptions.TimeoutException` if timeout occurs\n        \"\"\"\n        screen = None\n        stacktrace = None\n    \n        end_time = time.monotonic() + self._timeout\n        while True:\n            try:\n                value = method(self._driver)\n                if value:\n                    return value\n            except self._ignored_exceptions as exc:\n                screen = getattr(exc, \"screen\", None)\n                stacktrace = getattr(exc, \"stacktrace\", None)\n            if time.monotonic() > end_time:\n                break\n            time.sleep(self._poll)\n>       raise TimeoutException(message, screen, stacktrace)\nE       selenium.common.exceptions.TimeoutException: Message:\n\n.venv/lib/python3.9/site-packages/selenium/webdriver/support/wait.py:105: TimeoutException"}, "steps": [{"name": "Процедура входа в систему", "status": "passed", "steps": [{"name": "Клик по кнопке личный кабинет", "status": "passed", "start": 1730893710922, "stop": 1730893711165}, {"name": "Ввод email", "status": "passed", "start": 1730893711165, "stop": 1730893711201}, {"name": "Ввод пароля", "status": "passed", "start": 1730893711201, "stop": 1730893711210}, {"name": "Клик по кнопке войти", "status": "passed", "start": 1730893711210, "stop": 1730893711428}, {"name": "Получение локатора кнопки Оформить заказ", "status": "passed", "start": 1730893711428, "stop": 1730893711940}], "start": 1730893710922, "stop": 1730893711940}, {"name": "Добавление товара в корзину", "status": "broken", "statusDetails": {"message": "selenium.common.exceptions.TimeoutException: Message: \n\n", "trace": "  File \"/Users/milanradonich/PycharmProjects/Diplom/diplom_3/pages/login_page.py\", line 55, in create_order_auth_user\n    self.ingredient_counter_increases()\n  File \"/Users/milanradonich/PycharmProjects/Diplom/diplom_3/pages/main_page.py\", line 98, in ingredient_counter_increases\n    WebDriverWait(self.driver, 10).until(\n  File \"/Users/milanradonich/PycharmProjects/Diplom/diplom_3/.venv/lib/python3.9/site-packages/selenium/webdriver/support/wait.py\", line 105, in until\n    raise TimeoutException(message, screen, stacktrace)\n"}, "steps": [{"name": "Поиск ингредиента", "status": "passed", "start": 1730893711940, "stop": 1730893711944}, {"name": "Поиск корзины", "status": "passed", "start": 1730893711944, "stop": 1730893711947}, {"name": "Поиск счетчика ингредиента", "status": "passed", "start": 1730893711947, "stop": 1730893711950}, {"name": "Получение текущего значения счетчика ингредиента", "status": "passed", "start": 1730893711950, "stop": 1730893711952}, {"name": "Инициализация ActionChains", "status": "passed", "start": 1730893711952, "stop": 1730893711952}, {"name": "Перетаскивание элемента", "status": "passed", "start": 1730893711952, "stop": 1730893712499}, {"name": "Ожидание изменения значения счетчика", "status": "broken", "statusDetails": {"message": "selenium.common.exceptions.TimeoutException: Message: \n\n", "trace": "  File \"/Users/milanradonich/PycharmProjects/Diplom/diplom_3/pages/main_page.py\", line 98, in ingredient_counter_increases\n    WebDriverWait(self.driver, 10).until(\n  File \"/Users/milanradonich/PycharmProjects/Diplom/diplom_3/.venv/lib/python3.9/site-packages/selenium/webdriver/support/wait.py\", line 105, in until\n    raise TimeoutException(message, screen, stacktrace)\n"}, "start": 1730893712500, "stop": 1730893722934}], "start": 1730893711940, "stop": 1730893722934}], "parameters": [{"name": "driver_setup", "value": "'firefox'"}], "start": 1730893710922, "stop": 1730893722935, "uuid": "3bff5dd8-b491-4bfa-9e46-4efa23c05be6", "historyId": "33b6ef9835a3c2ceed2bdf1ce0a69c64", "testCaseId": "64abe1cb2d99b9d0a8ec0b2774e3da60", "fullName": "tests.test_main_functions.TestMainFunction#test_create_order_auth_user", "labels": [{"name": "parentSuite", "value": "tests"}, {"name": "suite", "value": "test_main_functions"}, {"name": "subSuite", "value": "TestMainFunction"}, {"name": "host", "value": "MacBook-Air-Milan.local"}, {"name": "thread", "value": "83662-MainThread"}, {"name": "framework", "value": "pytest"}, {"name": "language", "value": "cpython3"}, {"name": "package", "value": "tests.test_main_functions"}]}